16:59:41:[ RequestURL ]/getToken/

16:59:41:[ RequestMethod ]POST

16:59:41:[ RequestParams ]{"username":"benson","password":"benson"}

16:59:56:请求结束



17:15:31:[ RequestURL ]/getToken/

17:15:31:[ RequestMethod ]POST

17:15:31:[ RequestParams ]{"username":"benson","password":"benson"}

17:15:46:请求结束



17:18:52:[ RequestURL ]/getToken/

17:18:52:[ RequestMethod ]POST

17:18:52:[ RequestParams ]{"username":"benson","password":"benson"}

17:19:07:请求结束



17:19:21:[ RequestURL ]/getToken/

17:19:21:[ RequestMethod ]POST

17:19:21:[ RequestParams ]{"username":"benson","password":"benson"}

17:19:36:请求结束



17:22:18:[ RequestURL ]/getToken/

17:22:18:[ RequestMethod ]POST

17:22:18:[ RequestParams ]{"username":"benson","password":"benson"}

17:22:33:请求结束



17:23:56:[ RequestURL ]/getToken/

17:23:56:[ RequestMethod ]POST

17:23:56:[ RequestParams ]{"username":"benson","password":"benson"}

17:24:11:请求结束



17:25:47:[ RequestURL ]/getToken/

17:25:47:[ RequestMethod ]POST

17:25:47:[ RequestParams ]{"username":"benson","password":"benson"}

17:26:01:[ RequestURL ]/getToken/

17:26:01:[ RequestMethod ]POST

17:26:01:[ RequestParams ]{"username":"benson","password":"benson"}

17:26:02:请求结束



17:42:43:[ RequestURL ]/getToken/

17:42:43:[ RequestMethod ]POST

17:42:43:[ RequestParams ]{"username":"benson","password":"benson"}

17:42:58:请求结束



17:44:40:[ RequestURL ]/getToken/

17:44:40:[ RequestMethod ]POST

17:44:40:[ RequestParams ]{"username":"benson","password":"benson"}

17:44:55:请求结束



17:46:00:[ RequestURL ]/getToken/

17:46:00:[ RequestMethod ]POST

17:46:00:[ RequestParams ]{"username":"benson","password":"benson"}

17:46:15:请求结束



17:56:16:[ RequestURL ]/getToken/

17:56:16:[ RequestMethod ]POST

17:56:16:[ RequestParams ]{"username":"benson","password":"benson"}

17:56:31:请求结束



17:57:26:[ RequestURL ]/login/

17:57:26:[ RequestMethod ]POST

17:57:26:[ RequestParams ]{"username":"benson","password":"benson"}

17:57:41:请求结束



18:57:10:[ RequestURL ]/login/

18:57:10:[ RequestMethod ]POST

18:57:10:[ RequestParams ]{"username":"benson","password":"benson"}

18:57:25:请求结束



19:12:06:[ RequestURL ]/login/

19:12:06:[ RequestMethod ]POST

19:12:06:[ RequestParams ]{"username":"benson","password":"benson"}

19:12:21:请求结束



19:30:28:[ RequestURL ]/login/

19:30:28:[ RequestMethod ]POST

19:30:28:[ RequestParams ]{"username":"benson","password":"benson"}

19:30:43:请求结束



23:00:04:[ RequestURL ]/login/

23:00:04:[ RequestMethod ]POST

23:00:04:[ RequestParams ]{"username":"benson","password":"benson"}

23:00:19:请求结束



