11:04:51:[ RequestURL ]/getToken

11:04:51:[ RequestMethod ]POST

11:04:51:[ RequestParams ]{"username":"benson","password":"benson"}

11:04:51:[ RequestURL ]/login

11:04:51:[ RequestMethod ]POST

11:04:51:[ RequestParams ]{"username":"benson","password":"benson"}

11:04:52:[ Response ]登陆操作成功

11:04:52:请求结束



11:04:54:[ RequestURL ]/ServerList

11:04:54:[ RequestMethod ]POST

11:04:54:[ RequestParams ]{}

11:04:54:[ Response ]获取服务器列表操作成功

11:04:54:请求结束



11:04:57:[ RequestURL ]/ContainerList

11:04:57:[ RequestMethod ]POST

11:04:57:[ RequestParams ]{}

11:04:57:[ Response ]获取容器列表操作成功

11:04:57:请求结束



11:37:16:[ RequestURL ]/getToken

11:37:16:[ RequestMethod ]POST

11:37:16:[ RequestParams ]{"username":"benson","password":"benson"}

11:37:16:请求结束



11:37:16:[ RequestURL ]/login

11:37:16:[ RequestMethod ]POST

11:37:16:[ RequestParams ]{"username":"benson","password":"benson"}

11:37:16:请求结束



11:39:57:[ RequestURL ]/getToken

11:39:57:[ RequestMethod ]POST

11:39:57:[ RequestParams ]{"username":"benson","password":"benson"}

11:39:57:请求结束



11:39:57:[ RequestURL ]/login

11:39:57:[ RequestMethod ]POST

11:39:57:[ RequestParams ]{"username":"benson","password":"benson"}

11:39:57:请求结束



11:40:06:[ RequestURL ]/getToken

11:40:06:[ RequestMethod ]POST

11:40:06:[ RequestParams ]{"username":"benson","password":"benson"}

11:40:06:请求结束



11:40:06:[ RequestURL ]/login

11:40:06:[ RequestMethod ]POST

11:40:06:[ RequestParams ]{"username":"benson","password":"benson"}

11:40:07:[ Response ]登陆操作成功

11:40:07:请求结束



11:40:22:[ RequestURL ]/ServerList

11:40:22:[ RequestMethod ]POST

11:40:22:[ RequestParams ]{}

11:40:22:[ Response ]获取服务器列表操作成功

11:40:22:请求结束



11:40:23:[ RequestURL ]/ContainerList

11:40:23:[ RequestMethod ]POST

11:40:23:[ RequestParams ]{}

11:40:23:[ Response ]获取容器列表操作成功

11:40:23:请求结束



15:43:46:[ RequestURL ]/getToken

15:43:46:[ RequestMethod ]POST

15:43:46:[ RequestParams ]{"username":"benson","password":"benson"}

15:43:46:[ RequestURL ]/login

15:43:46:[ RequestMethod ]POST

15:43:46:[ RequestParams ]{"username":"benson","password":"benson"}

15:43:47:[ Response ]登陆操作成功

15:43:47:请求结束



15:43:49:[ RequestURL ]/ServerList

15:43:49:[ RequestMethod ]POST

15:43:49:[ RequestParams ]{}

15:43:49:[ Response ]获取服务器列表操作成功

15:43:49:请求结束



15:43:50:[ RequestURL ]/ContainerList

15:43:50:[ RequestMethod ]POST

15:43:50:[ RequestParams ]{}

15:43:50:[ Response ]获取容器列表操作成功

15:43:50:请求结束



15:45:58:[ RequestURL ]/ContainerList

15:45:58:[ RequestMethod ]POST

15:45:58:[ RequestParams ]{}

15:45:58:[ Response ]获取容器列表操作成功

15:45:58:请求结束



16:20:38:[ RequestURL ]/ContainerList

16:20:38:[ RequestMethod ]POST

16:20:38:[ RequestParams ]{}

16:20:38:[ Response ]获取容器列表操作成功

16:20:38:请求结束



16:22:11:[ RequestURL ]/ContainerList

16:22:11:[ RequestMethod ]POST

16:22:11:[ RequestParams ]{}

16:22:11:[ Response ]获取容器列表操作成功

16:22:11:请求结束



16:22:30:[ RequestURL ]/ContainerList

16:22:30:[ RequestMethod ]POST

16:22:30:[ RequestParams ]{}

16:22:31:[ Response ]获取容器列表操作成功

16:22:31:请求结束



16:23:57:[ RequestURL ]/ContainerList

16:23:57:[ RequestMethod ]POST

16:23:57:[ RequestParams ]{}

16:23:57:[ Response ]获取容器列表操作成功

16:23:57:请求结束



16:24:07:[ RequestURL ]/ContainerList

16:24:07:[ RequestMethod ]POST

16:24:07:[ RequestParams ]{}

16:24:07:[ Response ]获取容器列表操作成功

16:24:07:请求结束



16:59:05:[ RequestURL ]/ContainerList

16:59:05:[ RequestMethod ]POST

16:59:05:[ RequestParams ]{}

16:59:05:[ Response ]获取容器列表操作成功

16:59:05:请求结束



17:00:51:[ RequestURL ]/getToken

17:00:51:[ RequestMethod ]POST

17:00:51:[ RequestParams ]{"username":"benson","password":"benson"}

17:00:51:[ RequestURL ]/login

17:00:51:[ RequestMethod ]POST

17:00:51:[ RequestParams ]{"username":"benson","password":"benson"}

17:00:51:[ Response ]登陆操作成功

17:00:51:请求结束



17:00:55:[ RequestURL ]/ServerList

17:00:55:[ RequestMethod ]POST

17:00:55:[ RequestParams ]{}

17:00:55:[ Response ]获取服务器列表操作成功

17:00:55:请求结束



17:00:56:[ RequestURL ]/ContainerList

17:00:56:[ RequestMethod ]POST

17:00:56:[ RequestParams ]{}

17:00:56:[ Response ]获取容器列表操作成功

17:00:56:请求结束



17:01:00:[ RequestURL ]/stopContainer

17:01:00:[ RequestMethod ]POST

17:01:00:[ RequestParams ]{"container_id":"fb01fba13b34"}

17:01:00:请求结束



17:02:08:[ RequestURL ]/stopContainer

17:02:08:[ RequestMethod ]POST

17:02:08:[ RequestParams ]{"container_id":"fb01fba13b34"}

17:02:09:请求结束



17:02:53:[ RequestURL ]/stopContainer

17:02:53:[ RequestMethod ]POST

17:02:53:[ RequestParams ]{"container_id":"fb01fba13b34"}

17:02:53:请求结束



17:05:27:[ RequestURL ]/ContainerList

17:05:27:[ RequestMethod ]POST

17:05:27:[ RequestParams ]{}

17:05:27:[ Response ]获取容器列表操作成功

17:05:27:请求结束



17:05:37:[ RequestURL ]/stopContainer

17:05:37:[ RequestMethod ]POST

17:05:37:[ RequestParams ]{"container_id":"fb01fba13b34"}

17:05:38:请求结束



17:07:19:[ RequestURL ]/stopContainer

17:07:19:[ RequestMethod ]POST

17:07:19:[ RequestParams ]{"container_id":"fb01fba13b34"}

17:07:19:请求结束



17:08:27:[ RequestURL ]/stopContainer

17:08:27:[ RequestMethod ]POST

17:08:27:[ RequestParams ]{"container_id":"fb01fba13b34"}

17:08:28:请求结束



17:09:11:[ RequestURL ]/stopContainer

17:09:11:[ RequestMethod ]POST

17:09:11:[ RequestParams ]{"container_id":"fb01fba13b34"}

17:09:11:请求结束



17:09:51:[ RequestURL ]/stopContainer

17:09:51:[ RequestMethod ]POST

17:09:51:[ RequestParams ]{"container_id":"fb01fba13b34"}

17:09:51:请求结束



17:15:55:[ RequestURL ]/stopContainer

17:15:55:[ RequestMethod ]POST

17:15:55:[ RequestParams ]{"container_id":"fb01fba13b34"}

17:15:56:请求结束



17:16:30:[ RequestURL ]/stopContainer

17:16:30:[ RequestMethod ]POST

17:16:30:[ RequestParams ]{"container_id":"fb01fba13b34"}

17:16:30:请求结束



17:17:41:[ RequestURL ]/stopContainer

17:17:41:[ RequestMethod ]POST

17:17:41:[ RequestParams ]{"container_id":"fb01fba13b34"}

17:17:41:请求结束



17:20:28:[ RequestURL ]/getToken

17:20:28:[ RequestMethod ]POST

17:20:28:[ RequestParams ]{"username":"benson","password":"benson"}

17:20:29:[ RequestURL ]/login

17:20:29:[ RequestMethod ]POST

17:20:29:[ RequestParams ]{"username":"benson","password":"benson"}

17:20:29:[ Response ]登陆操作成功

17:20:29:请求结束



17:20:31:[ RequestURL ]/ServerList

17:20:31:[ RequestMethod ]POST

17:20:31:[ RequestParams ]{}

17:20:31:[ Response ]获取服务器列表操作成功

17:20:31:请求结束



17:20:32:[ RequestURL ]/ContainerList

17:20:32:[ RequestMethod ]POST

17:20:32:[ RequestParams ]{}

17:20:32:[ Response ]获取容器列表操作成功

17:20:32:请求结束



17:20:37:[ RequestURL ]/stopContainer

17:20:37:[ RequestMethod ]POST

17:20:37:[ RequestParams ]{"container_id":"fb01fba13b34"}

17:20:37:[ Response ]停止容器操作成功

17:20:37:请求结束



17:26:02:[ RequestURL ]/ContainerList

17:26:02:[ RequestMethod ]POST

17:26:02:[ RequestParams ]{}

17:26:02:[ Response ]获取容器列表操作成功

17:26:02:请求结束



17:45:55:[ RequestURL ]/ContainerList

17:45:55:[ RequestMethod ]POST

17:45:55:[ RequestParams ]{}

17:45:55:请求结束



17:46:02:[ RequestURL ]/ContainerList

17:46:02:[ RequestMethod ]POST

17:46:02:[ RequestParams ]{}

17:46:02:请求结束



17:46:22:[ RequestURL ]/ContainerList

17:46:22:[ RequestMethod ]POST

17:46:22:[ RequestParams ]{}

17:46:22:请求结束



17:46:27:[ RequestURL ]/ContainerList

17:46:27:[ RequestMethod ]POST

17:46:27:[ RequestParams ]{}

17:46:27:请求结束



17:46:37:[ RequestURL ]/ContainerList

17:46:37:[ RequestMethod ]POST

17:46:37:[ RequestParams ]{}

17:46:37:请求结束



17:47:41:[ RequestURL ]/ContainerList

17:47:41:[ RequestMethod ]POST

17:47:41:[ RequestParams ]{}

17:47:41:请求结束



19:25:15:[ RequestURL ]/getToken

19:25:15:[ RequestMethod ]POST

19:25:15:[ RequestParams ]{"username":"benson","password":"benson"}

19:25:16:[ RequestURL ]/login

19:25:16:[ RequestMethod ]POST

19:25:16:[ RequestParams ]{"username":"benson","password":"benson"}

19:25:16:[ Response ]登陆操作成功

19:25:16:请求结束



19:33:28:[ RequestURL ]/ServerList

19:33:28:[ RequestMethod ]POST

19:33:28:[ RequestParams ]{}

19:33:28:[ Response ]获取服务器列表操作成功

19:33:28:请求结束



19:33:29:[ RequestURL ]/ContainerList

19:33:29:[ RequestMethod ]POST

19:33:29:[ RequestParams ]{}

19:33:29:[ Response ]获取容器列表操作成功

19:33:29:请求结束



20:36:12:[ RequestURL ]/getToken

20:36:12:[ RequestMethod ]POST

20:36:12:[ RequestParams ]{"username":"benson","password":"benson"}

20:36:12:[ RequestURL ]/login

20:36:12:[ RequestMethod ]POST

20:36:12:[ RequestParams ]{"username":"benson","password":"benson"}

20:36:13:[ Response ]登陆操作成功

20:36:13:请求结束



20:36:15:[ RequestURL ]/ContainerList

20:36:15:[ RequestMethod ]POST

20:36:15:[ RequestParams ]{}

20:36:15:[ Response ]获取容器列表操作成功

20:36:15:请求结束



20:36:16:[ RequestURL ]/ContainerDetail

20:36:16:[ RequestMethod ]POST

20:36:16:[ RequestParams ]{"container_id":"5a447d6fa2f1"}

20:36:17:[ Response ]查看容器运行详情操作成功

20:36:17:请求结束



20:36:23:[ RequestURL ]/ContainerDetail

20:36:23:[ RequestMethod ]POST

20:36:23:[ RequestParams ]{"container_id":"43d7641f9743"}

20:36:23:[ Response ]查看容器运行详情操作成功

20:36:23:请求结束



20:36:27:[ RequestURL ]/ContainerDetail

20:36:27:[ RequestMethod ]POST

20:36:27:[ RequestParams ]{"container_id":"8c9505e6011c"}

20:36:27:[ Response ]查看容器运行详情操作成功

20:36:27:请求结束



20:36:31:[ RequestURL ]/ContainerDetail

20:36:31:[ RequestMethod ]POST

20:36:31:[ RequestParams ]{"container_id":"675a8465d418"}

20:36:32:[ Response ]查看容器运行详情操作成功

20:36:32:请求结束



20:37:37:[ RequestURL ]/stopContainer

20:37:37:[ RequestMethod ]POST

20:37:37:[ RequestParams ]{"container_id":"fb01fba13b34"}

20:37:37:[ Response ]停止容器操作成功

20:37:37:请求结束



20:37:46:[ RequestURL ]/startContainer

20:37:46:[ RequestMethod ]POST

20:37:46:[ RequestParams ]{"container_id":"fb01fba13b34"}

20:37:46:[ Response ]开启容器操作成功

20:37:46:请求结束



20:39:48:[ RequestURL ]/ContainerList

20:39:48:[ RequestMethod ]POST

20:39:48:[ RequestParams ]{}

20:39:48:[ Response ]获取容器列表操作成功

20:39:48:请求结束



20:40:34:[ RequestURL ]/ContainerList

20:40:34:[ RequestMethod ]POST

20:40:34:[ RequestParams ]{}

20:40:34:[ Response ]获取容器列表操作成功

20:40:34:请求结束



20:48:07:[ RequestURL ]/ImageList

20:48:07:[ RequestMethod ]POST

20:48:07:[ RequestParams ]{}

20:48:08:[ Response ]获取镜像列表操作成功

20:48:08:请求结束



20:48:54:[ RequestURL ]/ImageList

20:48:54:[ RequestMethod ]POST

20:48:54:[ RequestParams ]{}

20:48:54:[ Response ]获取镜像列表操作成功

20:48:54:请求结束



20:56:21:[ RequestURL ]/ImageList

20:56:21:[ RequestMethod ]POST

20:56:21:[ RequestParams ]{}

20:56:21:[ Response ]获取镜像列表操作成功

20:56:21:请求结束



21:34:29:[ RequestURL ]/ImageList

21:34:29:[ RequestMethod ]POST

21:34:29:[ RequestParams ]{}

21:34:30:[ Response ]获取镜像列表操作成功

21:34:30:请求结束



21:36:22:[ RequestURL ]/ImageList

21:36:22:[ RequestMethod ]POST

21:36:22:[ RequestParams ]{}

21:36:23:[ Response ]获取镜像列表操作成功

21:36:23:请求结束



21:39:56:[ RequestURL ]/ContainerList

21:39:56:[ RequestMethod ]POST

21:39:56:[ RequestParams ]{}

21:39:56:[ Response ]获取容器列表操作成功

21:39:56:请求结束



21:40:30:[ RequestURL ]/getToken

21:40:30:[ RequestMethod ]POST

21:40:30:[ RequestParams ]{"username":"benson","password":"benson"}

21:40:30:[ RequestURL ]/login

21:40:30:[ RequestMethod ]POST

21:40:30:[ RequestParams ]{"username":"benson","password":"benson"}

21:40:30:[ Response ]登陆操作成功

21:40:30:请求结束



21:40:32:[ RequestURL ]/ContainerList

21:40:32:[ RequestMethod ]POST

21:40:32:[ RequestParams ]{}

21:40:32:[ Response ]获取容器列表操作成功

21:40:32:请求结束



21:42:12:[ RequestURL ]/ContainerList

21:42:12:[ RequestMethod ]POST

21:42:12:[ RequestParams ]{}

21:42:12:请求结束



21:42:58:[ RequestURL ]/ContainerList

21:42:58:[ RequestMethod ]POST

21:42:58:[ RequestParams ]{}

21:42:59:[ Response ]获取容器列表操作成功

21:42:59:请求结束



21:43:49:[ RequestURL ]/ContainerList

21:43:49:[ RequestMethod ]POST

21:43:49:[ RequestParams ]{}

21:43:49:[ Response ]获取容器列表操作成功

21:43:49:请求结束



21:43:55:[ RequestURL ]/ContainerList

21:43:55:[ RequestMethod ]POST

21:43:55:[ RequestParams ]{}

21:43:56:[ Response ]获取容器列表操作成功

21:43:56:请求结束



21:44:55:[ RequestURL ]/stopContainer

21:44:55:[ RequestMethod ]POST

21:44:55:[ RequestParams ]{"container_id":"fb01fba13b34"}

21:44:55:[ RequestURL ]/ContainerList

21:44:55:[ RequestMethod ]POST

21:44:55:[ RequestParams ]{}

21:44:55:[ Response ]停止容器操作成功

21:44:55:请求结束



21:44:55:[ Response ]获取容器列表操作成功

21:44:55:请求结束



21:45:00:[ RequestURL ]/ContainerList

21:45:00:[ RequestMethod ]POST

21:45:00:[ RequestParams ]{}

21:45:00:[ Response ]获取容器列表操作成功

21:45:00:请求结束



21:45:06:[ RequestURL ]/startContainer

21:45:06:[ RequestMethod ]POST

21:45:06:[ RequestParams ]{"container_id":"fb01fba13b34"}

21:45:06:[ RequestURL ]/ContainerList

21:45:06:[ RequestMethod ]POST

21:45:06:[ RequestParams ]{}

21:45:06:[ Response ]开启容器操作成功

21:45:06:请求结束



21:45:06:[ Response ]获取容器列表操作成功

21:45:06:请求结束



21:45:08:[ RequestURL ]/ContainerList

21:45:08:[ RequestMethod ]POST

21:45:08:[ RequestParams ]{}

21:45:09:[ Response ]获取容器列表操作成功

21:45:09:请求结束



21:45:33:[ RequestURL ]/ContainerList

21:45:33:[ RequestMethod ]POST

21:45:33:[ RequestParams ]{}

21:45:34:[ Response ]获取容器列表操作成功

21:45:34:请求结束



21:49:56:[ RequestURL ]/ContainerList

21:49:56:[ RequestMethod ]POST

21:49:56:[ RequestParams ]{}

21:49:56:[ Response ]获取容器列表操作成功

21:49:56:请求结束



21:50:01:[ RequestURL ]/ContainerList

21:50:01:[ RequestMethod ]POST

21:50:01:[ RequestParams ]{}

21:50:01:[ Response ]获取容器列表操作成功

21:50:01:请求结束



21:50:09:[ RequestURL ]/stopContainer

21:50:09:[ RequestMethod ]POST

21:50:09:[ RequestParams ]{"container_id":"fb01fba13b34"}

21:50:09:[ Response ]停止容器操作成功

21:50:09:请求结束



21:50:16:[ RequestURL ]/ContainerList

21:50:16:[ RequestMethod ]POST

21:50:16:[ RequestParams ]{}

21:50:17:[ Response ]获取容器列表操作成功

21:50:17:请求结束



21:50:18:[ RequestURL ]/startContainer

21:50:18:[ RequestMethod ]POST

21:50:18:[ RequestParams ]{"container_id":"fb01fba13b34"}

21:50:19:[ Response ]开启容器操作成功

21:50:19:请求结束



21:50:20:[ RequestURL ]/ContainerList

21:50:20:[ RequestMethod ]POST

21:50:20:[ RequestParams ]{}

21:50:21:[ Response ]获取容器列表操作成功

21:50:21:请求结束



21:50:40:[ RequestURL ]/ContainerList

21:50:40:[ RequestMethod ]POST

21:50:40:[ RequestParams ]{}

21:50:40:[ Response ]获取容器列表操作成功

21:50:40:请求结束



21:52:17:[ RequestURL ]/ContainerList

21:52:17:[ RequestMethod ]POST

21:52:17:[ RequestParams ]{}

21:52:18:[ Response ]获取容器列表操作成功

21:52:18:请求结束



21:52:22:[ RequestURL ]/ContainerList

21:52:22:[ RequestMethod ]POST

21:52:22:[ RequestParams ]{}

21:52:23:[ Response ]获取容器列表操作成功

21:52:23:请求结束



21:54:50:[ RequestURL ]/ContainerList

21:54:50:[ RequestMethod ]POST

21:54:50:[ RequestParams ]{}

21:54:50:[ Response ]获取容器列表操作成功

21:54:50:请求结束



22:01:57:[ RequestURL ]/ContainerList

22:01:57:[ RequestMethod ]POST

22:01:57:[ RequestParams ]{}

22:01:57:[ Response ]获取容器列表操作成功

22:01:57:请求结束



