15:50:52:[ RequestURL ]/getToken

15:50:52:[ RequestMethod ]POST

15:50:52:[ RequestParams ]{"username":"benson","password":"benson"}

15:50:52:[ RequestURL ]/login

15:50:52:[ RequestMethod ]POST

15:50:52:[ RequestParams ]{"username":"benson","password":"benson"}

15:50:53:[ Response ]登陆操作成功

15:50:53:请求结束



15:50:55:[ RequestURL ]/ServerList

15:50:55:[ RequestMethod ]POST

15:50:55:[ RequestParams ]{}

15:50:55:[ Response ]获取服务器列表操作成功

15:50:55:请求结束



15:50:57:[ RequestURL ]/ContainerList

15:50:57:[ RequestMethod ]POST

15:50:57:[ RequestParams ]{}

15:50:57:[ Response ]获取容器列表操作成功

15:50:57:请求结束



15:50:59:[ RequestURL ]/GetProjectInfo

15:50:59:[ RequestMethod ]POST

15:50:59:[ RequestParams ]{}

15:51:00:[ Response ]获取所有的项目操作成功

15:51:00:请求结束



15:53:03:[ RequestURL ]/GetProjectInfo

15:53:03:[ RequestMethod ]POST

15:53:03:[ RequestParams ]{}

15:53:03:[ Response ]获取所有的项目操作成功

15:53:03:请求结束



15:53:18:[ RequestURL ]/GetProjectInfo

15:53:18:[ RequestMethod ]POST

15:53:18:[ RequestParams ]{}

15:53:18:[ Response ]获取所有的项目操作成功

15:53:18:请求结束



15:54:01:[ RequestURL ]/GetProjectInfo

15:54:01:[ RequestMethod ]POST

15:54:01:[ RequestParams ]{}

15:54:01:[ Response ]获取所有的项目操作成功

15:54:01:请求结束



15:55:45:[ RequestURL ]/GetProjectInfo

15:55:45:[ RequestMethod ]POST

15:55:45:[ RequestParams ]{}

15:55:45:[ Response ]获取所有的项目操作成功

15:55:45:请求结束



15:56:29:[ RequestURL ]/GetRecords

15:56:29:[ RequestMethod ]POST

15:56:29:[ RequestParams ]{}

15:56:29:[ Response ]获取所有发布记录操作成功

15:56:29:请求结束



16:20:57:[ RequestURL ]/ServerList

16:20:57:[ RequestMethod ]POST

16:20:57:[ RequestParams ]{}

16:20:57:[ Response ]获取服务器列表操作成功

16:20:57:请求结束



16:29:01:[ RequestURL ]/ServerList

16:29:01:[ RequestMethod ]POST

16:29:01:[ RequestParams ]{}

16:29:01:[ Response ]获取服务器列表操作成功

16:29:01:请求结束



16:31:26:[ RequestURL ]/GetProjectInfo

16:31:26:[ RequestMethod ]POST

16:31:26:[ RequestParams ]{}

16:31:26:[ Response ]获取所有的项目操作成功

16:31:26:请求结束



16:31:36:[ RequestURL ]/GetProjects

16:31:36:[ RequestMethod ]POST

16:31:36:[ RequestParams ]{}

16:31:37:[ Response ]获取gitlab上的项目操作成功

16:31:37:请求结束



16:31:38:[ RequestURL ]/GetRecords

16:31:38:[ RequestMethod ]POST

16:31:38:[ RequestParams ]{}

16:31:38:[ Response ]获取所有发布记录操作成功

16:31:38:请求结束



16:31:39:[ RequestURL ]/GetProjectInfo

16:31:39:[ RequestMethod ]POST

16:31:39:[ RequestParams ]{}

16:31:39:[ Response ]获取所有的项目操作成功

16:31:39:请求结束



16:33:30:[ RequestURL ]/GetProjects

16:33:30:[ RequestMethod ]POST

16:33:30:[ RequestParams ]{}

16:33:31:[ Response ]获取gitlab上的项目操作成功

16:33:31:请求结束



16:33:32:[ RequestURL ]/GetProjectInfo

16:33:32:[ RequestMethod ]POST

16:33:32:[ RequestParams ]{}

16:33:32:[ Response ]获取所有的项目操作成功

16:33:32:请求结束



16:34:38:[ RequestURL ]/ServerList

16:34:38:[ RequestMethod ]POST

16:34:38:[ RequestParams ]{}

16:34:38:[ Response ]获取服务器列表操作成功

16:34:38:请求结束



16:34:39:[ RequestURL ]/ContainerList

16:34:39:[ RequestMethod ]POST

16:34:39:[ RequestParams ]{}

16:34:39:[ Response ]获取容器列表操作成功

16:34:39:请求结束



16:34:43:[ RequestURL ]/ImageList

16:34:43:[ RequestMethod ]POST

16:34:43:[ RequestParams ]{}

16:34:43:[ Response ]获取镜像列表操作成功

16:34:43:请求结束



16:34:44:[ RequestURL ]/ServerList

16:34:44:[ RequestMethod ]POST

16:34:44:[ RequestParams ]{}

16:34:45:[ Response ]获取服务器列表操作成功

16:34:45:请求结束



16:34:46:[ RequestURL ]/GetProjectInfo

16:34:46:[ RequestMethod ]POST

16:34:46:[ RequestParams ]{}

16:34:46:[ Response ]获取所有的项目操作成功

16:34:46:请求结束



16:35:11:[ RequestURL ]/SetProjectInfo

16:35:11:[ RequestMethod ]POST

16:35:11:[ RequestParams ]{"name":"sevenParkOMS","type":"PHP","config":"['/global/config.php']"}

16:35:11:[ Response ]设置项目的类型与配置文件操作成功

16:35:11:请求结束



16:35:11:[ RequestURL ]/GetProjectInfo

16:35:11:[ RequestMethod ]POST

16:35:11:[ RequestParams ]{}

16:35:11:[ Response ]获取所有的项目操作成功

16:35:11:请求结束



18:03:45:[ RequestURL ]/ServerList

18:03:45:[ RequestMethod ]POST

18:03:45:[ RequestParams ]{}

18:03:57:[ RequestURL ]/getToken

18:03:57:[ RequestMethod ]POST

18:03:57:[ RequestParams ]{"username":"benson","password":"benson"}

18:03:57:[ RequestURL ]/login

18:03:57:[ RequestMethod ]POST

18:03:57:[ RequestParams ]{"username":"benson","password":"benson"}

18:03:57:[ Response ]登陆操作成功

18:03:57:请求结束



18:03:59:[ RequestURL ]/ServerList

18:03:59:[ RequestMethod ]POST

18:03:59:[ RequestParams ]{}

18:03:59:[ Response ]获取服务器列表操作成功

18:03:59:请求结束



18:29:16:[ RequestURL ]/ServerList

18:29:16:[ RequestMethod ]POST

18:29:16:[ RequestParams ]{}

18:29:16:[ Response ]获取服务器列表操作成功

18:29:16:请求结束



18:29:19:[ RequestURL ]/queryCpuLoadByIp

18:29:19:[ RequestMethod ]POST

18:29:19:[ RequestParams ]{"hostip":"192.168.1.211"}

18:29:19:[ RequestURL ]/CpuLoadByIp

18:29:19:[ RequestMethod ]POST

18:29:19:[ RequestParams ]{"hostip":"192.168.1.209"}

18:29:19:[ RequestURL ]/CpuLoadByIp

18:29:19:[ RequestMethod ]POST

18:29:19:[ RequestParams ]{"hostip":"127.0.0.1"}

18:29:19:[ RequestURL ]/CpuLoadByIp

18:29:19:[ RequestMethod ]POST

18:29:19:[ RequestParams ]{"hostip":"192.168.1.214"}

18:29:19:[ RequestURL ]/CpuLoadByIp

18:29:19:[ RequestMethod ]POST

18:29:19:[ RequestParams ]{"hostip":"192.168.1.215"}

18:29:19:[ RequestURL ]/CpuLoadByIp

18:29:19:[ RequestMethod ]POST

18:29:19:[ RequestParams ]{"hostip":"192.168.1.212"}

18:29:19:[ RequestURL ]/CpuLoadByIp

18:29:19:[ RequestMethod ]POST

18:29:19:[ RequestParams ]{"hostip":"192.168.1.213"}

18:29:26:[ RequestURL ]/MemStatByIp

18:29:26:[ RequestMethod ]POST

18:29:26:[ RequestParams ]{"hostip":"192.168.1.211"}

18:29:26:[ RequestURL ]/MemStatByIp

18:29:26:[ RequestMethod ]POST

18:29:26:[ RequestParams ]{"hostip":"192.168.1.209"}

18:29:26:[ RequestURL ]/MemStatByIp

18:29:26:[ RequestMethod ]POST

18:29:26:[ RequestParams ]{"hostip":"127.0.0.1"}

18:29:26:[ RequestURL ]/MemStatByIp

18:29:26:[ RequestMethod ]POST

18:29:26:[ RequestParams ]{"hostip":"192.168.1.214"}

18:29:26:[ RequestURL ]/MemStatByIp

18:29:26:[ RequestMethod ]POST

18:29:26:[ RequestParams ]{"hostip":"192.168.1.215"}

18:29:26:[ RequestURL ]/MemStatByIp

18:29:26:[ RequestMethod ]POST

18:29:26:[ RequestParams ]{"hostip":"192.168.1.212"}

18:29:26:[ RequestURL ]/MemStatByIp

18:29:26:[ RequestMethod ]POST

18:29:26:[ RequestParams ]{"hostip":"192.168.1.213"}

18:29:28:[ RequestURL ]/queryCpuLoadByIp

18:29:28:[ RequestMethod ]POST

18:29:28:[ RequestParams ]{"hostip":"192.168.1.211"}

18:29:28:[ RequestURL ]/CpuLoadByIp

18:29:28:[ RequestMethod ]POST

18:29:28:[ RequestParams ]{"hostip":"192.168.1.209"}

18:29:28:[ RequestURL ]/CpuLoadByIp

18:29:28:[ RequestMethod ]POST

18:29:28:[ RequestParams ]{"hostip":"127.0.0.1"}

18:29:28:[ RequestURL ]/CpuLoadByIp

18:29:28:[ RequestMethod ]POST

18:29:28:[ RequestParams ]{"hostip":"192.168.1.214"}

18:29:28:[ RequestURL ]/CpuLoadByIp

18:29:28:[ RequestMethod ]POST

18:29:28:[ RequestParams ]{"hostip":"192.168.1.215"}

18:29:28:[ RequestURL ]/CpuLoadByIp

18:29:28:[ RequestMethod ]POST

18:29:28:[ RequestParams ]{"hostip":"192.168.1.212"}

18:29:28:[ RequestURL ]/CpuLoadByIp

18:29:28:[ RequestMethod ]POST

18:29:28:[ RequestParams ]{"hostip":"192.168.1.213"}

18:29:34:请求结束



18:29:49:[ RequestURL ]/queryCpuLoadByIp

18:29:49:[ RequestMethod ]POST

18:29:49:[ RequestParams ]{"hostip":"192.168.1.211"}

18:29:49:[ RequestURL ]/CpuLoadByIp

18:29:49:[ RequestMethod ]POST

18:29:49:[ RequestParams ]{"hostip":"192.168.1.209"}

18:29:49:[ RequestURL ]/CpuLoadByIp

18:29:49:[ RequestMethod ]POST

18:29:49:[ RequestParams ]{"hostip":"127.0.0.1"}

18:29:49:[ RequestURL ]/CpuLoadByIp

18:29:49:[ RequestMethod ]POST

18:29:49:[ RequestParams ]{"hostip":"192.168.1.214"}

18:29:49:[ RequestURL ]/CpuLoadByIp

18:29:49:[ RequestMethod ]POST

18:29:49:[ RequestParams ]{"hostip":"192.168.1.215"}

18:29:49:[ RequestURL ]/CpuLoadByIp

18:29:49:[ RequestMethod ]POST

18:29:49:[ RequestParams ]{"hostip":"192.168.1.212"}

18:29:49:[ RequestURL ]/CpuLoadByIp

18:29:49:[ RequestMethod ]POST

18:29:49:[ RequestParams ]{"hostip":"192.168.1.213"}

18:30:04:请求结束



18:30:40:[ RequestURL ]/queryCpuLoadByIp

18:30:40:[ RequestMethod ]POST

18:30:40:[ RequestParams ]{"hostip":"192.168.1.211"}

18:30:40:[ RequestURL ]/queryCpuLoadByIp

18:30:40:[ RequestMethod ]POST

18:30:40:[ RequestParams ]{"hostip":"192.168.1.209"}

18:30:40:[ RequestURL ]/queryCpuLoadByIp

18:30:40:[ RequestMethod ]POST

18:30:40:[ RequestParams ]{"hostip":"127.0.0.1"}

18:30:40:[ RequestURL ]/queryCpuLoadByIp

18:30:40:[ RequestMethod ]POST

18:30:40:[ RequestParams ]{"hostip":"192.168.1.214"}

18:30:40:[ RequestURL ]/queryCpuLoadByIp

18:30:40:[ RequestMethod ]POST

18:30:40:[ RequestParams ]{"hostip":"192.168.1.215"}

18:30:40:[ RequestURL ]/queryCpuLoadByIp

18:30:40:[ RequestMethod ]POST

18:30:40:[ RequestParams ]{"hostip":"192.168.1.212"}

18:30:40:[ RequestURL ]/queryCpuLoadByIp

18:30:40:[ RequestMethod ]POST

18:30:40:[ RequestParams ]{"hostip":"192.168.1.213"}

18:30:55:请求结束



18:34:25:[ RequestURL ]/getToken

18:34:25:[ RequestMethod ]POST

18:34:25:[ RequestParams ]{"username":"benson","password":"benson"}

18:34:25:[ RequestURL ]/login

18:34:25:[ RequestMethod ]POST

18:34:25:[ RequestParams ]{"username":"benson","password":"benson"}

18:34:25:[ Response ]登陆操作成功

18:34:25:请求结束



18:34:27:[ RequestURL ]/GetProjectInfo

18:34:27:[ RequestMethod ]POST

18:34:27:[ RequestParams ]{}

18:34:27:[ Response ]获取所有的项目操作成功

18:34:27:请求结束



18:34:31:[ RequestURL ]/queryCpuLoadByIp

18:34:31:[ RequestMethod ]POST

18:34:31:[ RequestParams ]{"hostip":"192.168.1.211"}

18:34:31:[ RequestURL ]/queryCpuLoadByIp

18:34:31:[ RequestMethod ]POST

18:34:31:[ RequestParams ]{"hostip":"192.168.1.209"}

18:34:31:[ RequestURL ]/queryCpuLoadByIp

18:34:31:[ RequestMethod ]POST

18:34:31:[ RequestParams ]{"hostip":"127.0.0.1"}

18:34:31:[ RequestURL ]/queryCpuLoadByIp

18:34:31:[ RequestMethod ]POST

18:34:31:[ RequestParams ]{"hostip":"192.168.1.214"}

18:34:31:[ RequestURL ]/queryCpuLoadByIp

18:34:31:[ RequestMethod ]POST

18:34:31:[ RequestParams ]{"hostip":"192.168.1.215"}

18:34:32:请求结束



18:34:32:[ RequestURL ]/queryCpuLoadByIp

18:34:32:[ RequestMethod ]POST

18:34:32:[ RequestParams ]{"hostip":"192.168.1.212"}

18:34:32:[ RequestURL ]/queryCpuLoadByIp

18:34:32:[ RequestMethod ]POST

18:34:32:[ RequestParams ]{"hostip":"192.168.1.213"}

18:34:32:请求结束



18:36:17:[ RequestURL ]/queryCpuLoadByIp

18:36:17:[ RequestMethod ]POST

18:36:17:[ RequestParams ]{"hostip":"192.168.1.211"}

18:36:17:[ RequestURL ]/queryCpuLoadByIp

18:36:17:[ RequestMethod ]POST

18:36:17:[ RequestParams ]{"hostip":"192.168.1.209"}

18:36:17:[ RequestURL ]/queryCpuLoadByIp

18:36:17:[ RequestMethod ]POST

18:36:17:[ RequestParams ]{"hostip":"127.0.0.1"}

18:36:17:[ RequestURL ]/queryCpuLoadByIp

18:36:17:[ RequestMethod ]POST

18:36:17:[ RequestParams ]{"hostip":"192.168.1.214"}

18:36:17:[ Response ]获取单台CPU负载操作成功

18:36:17:请求结束



18:36:17:[ Response ]获取单台CPU负载操作成功

18:36:17:请求结束



18:36:17:[ Response ]获取单台CPU负载操作成功

18:36:17:请求结束



18:36:17:[ RequestURL ]/queryCpuLoadByIp

18:36:17:[ RequestMethod ]POST

18:36:17:[ RequestParams ]{"hostip":"192.168.1.215"}

18:36:17:[ Response ]获取单台CPU负载操作成功

18:36:17:请求结束



18:36:17:[ Response ]获取单台CPU负载操作成功

18:36:17:请求结束



18:36:18:[ RequestURL ]/queryCpuLoadByIp

18:36:18:[ RequestMethod ]POST

18:36:18:[ RequestParams ]{"hostip":"192.168.1.212"}

18:36:18:[ Response ]获取单台CPU负载操作成功

18:36:18:请求结束



18:36:18:[ RequestURL ]/queryCpuLoadByIp

18:36:18:[ RequestMethod ]POST

18:36:18:[ RequestParams ]{"hostip":"192.168.1.213"}

18:36:18:[ Response ]获取单台CPU负载操作成功

18:36:18:请求结束



18:37:19:[ RequestURL ]/queryCpuLoadByIp

18:37:19:[ RequestMethod ]POST

18:37:19:[ RequestParams ]{"hostip":"192.168.1.211"}

18:37:19:[ RequestURL ]/queryCpuLoadByIp

18:37:19:[ RequestMethod ]POST

18:37:19:[ RequestParams ]{"hostip":"192.168.1.209"}

18:37:19:[ RequestURL ]/queryCpuLoadByIp

18:37:19:[ RequestMethod ]POST

18:37:19:[ RequestParams ]{"hostip":"127.0.0.1"}

18:37:20:[ RequestURL ]/queryCpuLoadByIp

18:37:20:[ RequestMethod ]POST

18:37:20:[ RequestParams ]{"hostip":"192.168.1.214"}

18:37:20:[ RequestURL ]/queryCpuLoadByIp

18:37:20:[ RequestMethod ]POST

18:37:20:[ RequestParams ]{"hostip":"192.168.1.215"}

18:37:20:[ RequestURL ]/queryCpuLoadByIp

18:37:20:[ RequestMethod ]POST

18:37:20:[ RequestParams ]{"hostip":"192.168.1.212"}

18:37:20:[ Response ]获取单台CPU负载操作成功

18:37:20:请求结束



18:37:20:[ RequestURL ]/queryCpuLoadByIp

18:37:20:[ RequestMethod ]POST

18:37:20:[ RequestParams ]{"hostip":"192.168.1.213"}

18:37:20:[ Response ]获取单台CPU负载操作成功

18:37:20:请求结束



18:37:20:[ Response ]获取单台CPU负载操作成功

18:37:20:请求结束



18:37:20:[ Response ]获取单台CPU负载操作成功

18:37:20:请求结束



18:37:20:[ Response ]获取单台CPU负载操作成功

18:37:20:请求结束



18:37:20:[ Response ]获取单台CPU负载操作成功

18:37:20:请求结束



18:37:20:[ Response ]获取单台CPU负载操作成功

18:37:20:请求结束



18:38:20:[ RequestURL ]/queryCpuLoadByIp

18:38:20:[ RequestMethod ]POST

18:38:20:[ RequestParams ]{"hostip":"192.168.1.211"}

18:38:20:[ RequestURL ]/queryCpuLoadByIp

18:38:20:[ RequestMethod ]POST

18:38:20:[ RequestParams ]{"hostip":"192.168.1.209"}

18:38:20:[ RequestURL ]/queryCpuLoadByIp

18:38:20:[ RequestMethod ]POST

18:38:20:[ RequestParams ]{"hostip":"127.0.0.1"}

18:38:20:[ RequestURL ]/queryCpuLoadByIp

18:38:20:[ RequestMethod ]POST

18:38:20:[ RequestParams ]{"hostip":"192.168.1.214"}

18:38:20:[ RequestURL ]/queryCpuLoadByIp

18:38:20:[ RequestMethod ]POST

18:38:20:[ RequestParams ]{"hostip":"192.168.1.215"}

18:38:20:[ Response ]获取单台CPU负载操作成功

18:38:20:请求结束



18:38:20:[ Response ]获取单台CPU负载操作成功

18:38:20:请求结束



18:38:20:[ Response ]获取单台CPU负载操作成功

18:38:20:请求结束



18:38:20:[ Response ]获取单台CPU负载操作成功

18:38:20:请求结束



18:38:20:[ RequestURL ]/queryCpuLoadByIp

18:38:20:[ RequestMethod ]POST

18:38:20:[ RequestParams ]{"hostip":"192.168.1.212"}

18:38:20:[ Response ]获取单台CPU负载操作成功

18:38:20:请求结束



18:38:20:[ Response ]获取单台CPU负载操作成功

18:38:20:请求结束



18:38:20:[ RequestURL ]/queryCpuLoadByIp

18:38:20:[ RequestMethod ]POST

18:38:20:[ RequestParams ]{"hostip":"192.168.1.213"}

18:38:20:[ Response ]获取单台CPU负载操作成功

18:38:20:请求结束



18:48:30:[ RequestURL ]/ServerList

18:48:30:[ RequestMethod ]POST

18:48:30:[ RequestParams ]{}

18:48:30:[ Response ]获取服务器列表操作成功

18:48:30:请求结束



18:50:43:[ RequestURL ]/queryCpuLoadByIp

18:50:43:[ RequestMethod ]POST

18:50:43:[ RequestParams ]{"hostip":"192.168.1.211"}

18:50:43:[ RequestURL ]/queryCpuLoadByIp

18:50:43:[ RequestMethod ]POST

18:50:43:[ RequestParams ]{"hostip":"192.168.1.209"}

18:50:43:[ RequestURL ]/queryCpuLoadByIp

18:50:43:[ RequestMethod ]POST

18:50:43:[ RequestParams ]{"hostip":"127.0.0.1"}

18:50:43:[ RequestURL ]/queryCpuLoadByIp

18:50:43:[ RequestMethod ]POST

18:50:43:[ RequestParams ]{"hostip":"192.168.1.214"}

18:50:43:[ RequestURL ]/queryCpuLoadByIp

18:50:43:[ RequestMethod ]POST

18:50:43:[ RequestParams ]{"hostip":"192.168.1.215"}

18:50:43:[ Response ]获取单台CPU负载操作成功

18:50:43:请求结束



18:50:43:[ Response ]获取单台CPU负载操作成功

18:50:43:请求结束



18:50:43:[ Response ]获取单台CPU负载操作成功

18:50:43:请求结束



18:50:43:[ Response ]获取单台CPU负载操作成功

18:50:43:请求结束



18:50:43:[ Response ]获取单台CPU负载操作成功

18:50:43:请求结束



18:50:43:[ RequestURL ]/queryCpuLoadByIp

18:50:43:[ RequestMethod ]POST

18:50:43:[ RequestParams ]{"hostip":"192.168.1.212"}

18:50:43:[ RequestURL ]/queryCpuLoadByIp

18:50:43:[ RequestMethod ]POST

18:50:43:[ RequestParams ]{"hostip":"192.168.1.213"}

18:50:43:[ Response ]获取单台CPU负载操作成功

18:50:43:请求结束



18:50:43:[ Response ]获取单台CPU负载操作成功

18:50:43:请求结束



18:50:46:[ RequestURL ]/queryCpuLoadByIp

18:50:46:[ RequestMethod ]POST

18:50:46:[ RequestParams ]{"hostip":"192.168.1.211"}

18:50:46:[ RequestURL ]/queryCpuLoadByIp

18:50:46:[ RequestMethod ]POST

18:50:46:[ RequestParams ]{"hostip":"192.168.1.209"}

18:50:46:[ RequestURL ]/queryCpuLoadByIp

18:50:46:[ RequestMethod ]POST

18:50:46:[ RequestParams ]{"hostip":"127.0.0.1"}

18:50:46:[ RequestURL ]/queryCpuLoadByIp

18:50:46:[ RequestMethod ]POST

18:50:46:[ RequestParams ]{"hostip":"192.168.1.214"}

18:50:46:[ RequestURL ]/queryCpuLoadByIp

18:50:46:[ RequestMethod ]POST

18:50:46:[ RequestParams ]{"hostip":"192.168.1.215"}

18:50:46:[ Response ]获取单台CPU负载操作成功

18:50:46:请求结束



18:50:46:[ RequestURL ]/queryCpuLoadByIp

18:50:46:[ RequestMethod ]POST

18:50:46:[ RequestParams ]{"hostip":"192.168.1.212"}

18:50:46:[ Response ]获取单台CPU负载操作成功

18:50:46:请求结束



18:50:46:[ RequestURL ]/queryCpuLoadByIp

18:50:46:[ RequestMethod ]POST

18:50:46:[ RequestParams ]{"hostip":"192.168.1.213"}

18:50:47:[ Response ]获取单台CPU负载操作成功

18:50:47:请求结束



18:50:47:[ Response ]获取单台CPU负载操作成功

18:50:47:请求结束



18:50:47:[ Response ]获取单台CPU负载操作成功

18:50:47:请求结束



18:50:47:[ Response ]获取单台CPU负载操作成功

18:50:47:请求结束



18:50:47:[ Response ]获取单台CPU负载操作成功

18:50:47:请求结束



18:50:56:[ RequestURL ]/queryCpuLoadByIp

18:50:56:[ RequestMethod ]POST

18:50:56:[ RequestParams ]{"hostip":"192.168.1.211"}

18:50:56:[ RequestURL ]/queryCpuLoadByIp

18:50:56:[ RequestMethod ]POST

18:50:56:[ RequestParams ]{"hostip":"192.168.1.209"}

18:50:57:[ Response ]获取单台CPU负载操作成功

18:50:57:请求结束



18:50:57:[ Response ]获取单台CPU负载操作成功

18:50:57:请求结束



18:50:57:[ RequestURL ]/queryCpuLoadByIp

18:50:57:[ RequestMethod ]POST

18:50:57:[ RequestParams ]{"hostip":"127.0.0.1"}

18:50:57:[ Response ]获取单台CPU负载操作成功

18:50:57:请求结束



18:50:57:[ RequestURL ]/queryCpuLoadByIp

18:50:57:[ RequestMethod ]POST

18:50:57:[ RequestParams ]{"hostip":"192.168.1.214"}

18:50:57:[ RequestURL ]/queryCpuLoadByIp

18:50:57:[ RequestMethod ]POST

18:50:57:[ RequestParams ]{"hostip":"192.168.1.215"}

18:50:57:[ Response ]获取单台CPU负载操作成功

18:50:57:请求结束



18:50:57:[ RequestURL ]/queryCpuLoadByIp

18:50:57:[ RequestMethod ]POST

18:50:57:[ RequestParams ]{"hostip":"192.168.1.212"}

18:50:57:[ Response ]获取单台CPU负载操作成功

18:50:57:请求结束



18:50:57:[ Response ]获取单台CPU负载操作成功

18:50:57:请求结束



18:50:57:[ RequestURL ]/queryCpuLoadByIp

18:50:57:[ RequestMethod ]POST

18:50:57:[ RequestParams ]{"hostip":"192.168.1.213"}

18:50:57:[ Response ]获取单台CPU负载操作成功

18:50:57:请求结束



19:07:22:[ RequestURL ]/queryCpuLoadByIp

19:07:22:[ RequestMethod ]POST

19:07:22:[ RequestParams ]{"hostip":"192.168.1.211"}

19:07:22:[ RequestURL ]/queryCpuLoadByIp

19:07:22:[ RequestMethod ]POST

19:07:22:[ RequestParams ]{"hostip":"192.168.1.209"}

19:07:22:[ RequestURL ]/queryCpuLoadByIp

19:07:22:[ RequestMethod ]POST

19:07:22:[ RequestParams ]{"hostip":"127.0.0.1"}

19:07:22:[ RequestURL ]/queryCpuLoadByIp

19:07:22:[ RequestMethod ]POST

19:07:22:[ RequestParams ]{"hostip":"192.168.1.214"}

19:07:22:[ Response ]获取单台CPU负载操作成功

19:07:22:请求结束



19:07:22:[ Response ]获取单台CPU负载操作成功

19:07:22:请求结束



19:07:22:[ Response ]获取单台CPU负载操作成功

19:07:22:请求结束



19:07:22:[ Response ]获取单台CPU负载操作成功

19:07:22:请求结束



19:07:22:[ RequestURL ]/queryCpuLoadByIp

19:07:22:[ RequestMethod ]POST

19:07:22:[ RequestParams ]{"hostip":"192.168.1.215"}

19:07:22:[ Response ]获取单台CPU负载操作成功

19:07:22:请求结束



19:07:22:[ RequestURL ]/queryCpuLoadByIp

19:07:22:[ RequestMethod ]POST

19:07:22:[ RequestParams ]{"hostip":"192.168.1.212"}

19:07:22:[ Response ]获取单台CPU负载操作成功

19:07:22:请求结束



19:07:22:[ RequestURL ]/queryCpuLoadByIp

19:07:22:[ RequestMethod ]POST

19:07:22:[ RequestParams ]{"hostip":"192.168.1.213"}

19:07:23:[ Response ]获取单台CPU负载操作成功

19:07:23:请求结束



19:59:05:[ RequestURL ]/queryCpuLoadByIp

19:59:05:[ RequestMethod ]POST

19:59:05:[ RequestParams ]{"hostip":"192.168.1.211"}

19:59:05:[ RequestURL ]/queryCpuLoadByIp

19:59:05:[ RequestMethod ]POST

19:59:05:[ RequestParams ]{"hostip":"192.168.1.209"}

19:59:05:[ RequestURL ]/queryCpuLoadByIp

19:59:05:[ RequestMethod ]POST

19:59:05:[ RequestParams ]{"hostip":"127.0.0.1"}

19:59:05:[ Response ]获取单台CPU负载操作成功

19:59:05:请求结束



19:59:05:[ Response ]获取单台CPU负载操作成功

19:59:05:请求结束



19:59:05:[ RequestURL ]/queryCpuLoadByIp

19:59:05:[ RequestMethod ]POST

19:59:05:[ RequestParams ]{"hostip":"192.168.1.214"}

19:59:05:[ Response ]获取单台CPU负载操作成功

19:59:05:请求结束



19:59:05:[ RequestURL ]/queryCpuLoadByIp

19:59:05:[ RequestMethod ]POST

19:59:05:[ RequestParams ]{"hostip":"192.168.1.215"}

19:59:05:[ Response ]获取单台CPU负载操作成功

19:59:05:请求结束



19:59:05:[ Response ]获取单台CPU负载操作成功

19:59:05:请求结束



19:59:05:[ RequestURL ]/queryCpuLoadByIp

19:59:05:[ RequestMethod ]POST

19:59:05:[ RequestParams ]{"hostip":"192.168.1.212"}

19:59:05:[ Response ]获取单台CPU负载操作成功

19:59:05:请求结束



19:59:05:[ RequestURL ]/queryCpuLoadByIp

19:59:05:[ RequestMethod ]POST

19:59:05:[ RequestParams ]{"hostip":"192.168.1.213"}

19:59:05:[ Response ]获取单台CPU负载操作成功

19:59:05:请求结束



19:59:41:[ RequestURL ]/queryCpuLoadByIp

19:59:41:[ RequestMethod ]POST

19:59:41:[ RequestParams ]{"hostip":"192.168.1.211"}

19:59:41:[ Response ]获取单台CPU负载操作成功

19:59:41:请求结束



19:59:41:[ RequestURL ]/queryCpuLoadByIp

19:59:41:[ RequestMethod ]POST

19:59:41:[ RequestParams ]{"hostip":"192.168.1.209"}

19:59:41:[ Response ]获取单台CPU负载操作成功

19:59:41:请求结束



19:59:41:[ RequestURL ]/queryCpuLoadByIp

19:59:41:[ RequestMethod ]POST

19:59:41:[ RequestParams ]{"hostip":"127.0.0.1"}

19:59:41:[ Response ]获取单台CPU负载操作成功

19:59:41:请求结束



19:59:41:[ RequestURL ]/queryCpuLoadByIp

19:59:41:[ RequestMethod ]POST

19:59:41:[ RequestParams ]{"hostip":"192.168.1.214"}

19:59:41:[ RequestURL ]/queryCpuLoadByIp

19:59:41:[ RequestMethod ]POST

19:59:41:[ RequestParams ]{"hostip":"192.168.1.215"}

19:59:41:[ RequestURL ]/queryCpuLoadByIp

19:59:41:[ RequestMethod ]POST

19:59:41:[ RequestParams ]{"hostip":"192.168.1.212"}

19:59:41:[ Response ]获取单台CPU负载操作成功

19:59:41:请求结束



19:59:41:[ Response ]获取单台CPU负载操作成功

19:59:41:请求结束



19:59:41:[ Response ]获取单台CPU负载操作成功

19:59:41:请求结束



19:59:41:[ RequestURL ]/queryCpuLoadByIp

19:59:41:[ RequestMethod ]POST

19:59:41:[ RequestParams ]{"hostip":"192.168.1.213"}

19:59:41:[ Response ]获取单台CPU负载操作成功

19:59:41:请求结束



20:02:15:[ RequestURL ]/getToken

20:02:15:[ RequestMethod ]POST

20:02:15:[ RequestParams ]{"username":"benson","password":"benson"}

20:02:15:[ RequestURL ]/login

20:02:15:[ RequestMethod ]POST

20:02:15:[ RequestParams ]{"username":"benson","password":"benson"}

20:02:15:[ Response ]登陆操作成功

20:02:15:请求结束



20:02:18:[ RequestURL ]/queryCpuLoadByIp

20:02:18:[ RequestMethod ]POST

20:02:18:[ RequestParams ]{"hostip":"192.168.1.211"}

20:02:18:[ RequestURL ]/queryCpuLoadByIp

20:02:18:[ RequestMethod ]POST

20:02:18:[ RequestParams ]{"hostip":"192.168.1.209"}

20:02:18:[ RequestURL ]/queryCpuLoadByIp

20:02:18:[ RequestMethod ]POST

20:02:18:[ RequestParams ]{"hostip":"127.0.0.1"}

20:02:18:[ RequestURL ]/queryCpuLoadByIp

20:02:18:[ RequestMethod ]POST

20:02:18:[ RequestParams ]{"hostip":"192.168.1.214"}

20:02:18:[ RequestURL ]/queryCpuLoadByIp

20:02:18:[ RequestMethod ]POST

20:02:18:[ RequestParams ]{"hostip":"192.168.1.215"}

20:02:19:[ Response ]获取单台CPU负载操作成功

20:02:19:请求结束



20:02:19:[ RequestURL ]/queryCpuLoadByIp

20:02:19:[ RequestMethod ]POST

20:02:19:[ RequestParams ]{"hostip":"192.168.1.212"}

20:02:20:[ Response ]获取单台CPU负载操作成功

20:02:20:请求结束



20:02:20:[ RequestURL ]/queryCpuLoadByIp

20:02:20:[ RequestMethod ]POST

20:02:20:[ RequestParams ]{"hostip":"192.168.1.213"}

20:02:20:[ Response ]获取单台CPU负载操作成功

20:02:20:请求结束



20:02:20:[ Response ]获取单台CPU负载操作成功

20:02:20:请求结束



20:02:20:[ Response ]获取单台CPU负载操作成功

20:02:20:请求结束



20:02:21:[ Response ]获取单台CPU负载操作成功

20:02:21:请求结束



20:02:21:[ Response ]获取单台CPU负载操作成功

20:02:21:请求结束



20:03:29:[ RequestURL ]/queryCpuLoadByIp

20:03:29:[ RequestMethod ]POST

20:03:29:[ RequestParams ]{"hostip":"192.168.1.211"}

20:03:29:[ RequestURL ]/queryCpuLoadByIp

20:03:29:[ RequestMethod ]POST

20:03:29:[ RequestParams ]{"hostip":"192.168.1.209"}

20:03:29:[ RequestURL ]/queryCpuLoadByIp

20:03:29:[ RequestMethod ]POST

20:03:29:[ RequestParams ]{"hostip":"127.0.0.1"}

20:03:29:[ RequestURL ]/queryCpuLoadByIp

20:03:29:[ RequestMethod ]POST

20:03:29:[ RequestParams ]{"hostip":"192.168.1.214"}

20:03:29:[ RequestURL ]/queryCpuLoadByIp

20:03:29:[ RequestMethod ]POST

20:03:29:[ RequestParams ]{"hostip":"192.168.1.215"}

20:03:35:[ Response ]获取单台CPU负载操作成功

20:03:35:请求结束



20:03:35:[ RequestURL ]/queryCpuLoadByIp

20:03:35:[ RequestMethod ]POST

20:03:35:[ RequestParams ]{"hostip":"192.168.1.212"}

20:03:36:[ Response ]获取单台CPU负载操作成功

20:03:36:请求结束



20:03:36:[ RequestURL ]/queryCpuLoadByIp

20:03:36:[ RequestMethod ]POST

20:03:36:[ RequestParams ]{"hostip":"192.168.1.213"}

20:03:37:[ Response ]获取单台CPU负载操作成功

20:03:37:请求结束



20:03:37:[ Response ]获取单台CPU负载操作成功

20:03:37:请求结束



20:03:37:[ Response ]获取单台CPU负载操作成功

20:03:37:请求结束



20:03:38:[ Response ]获取单台CPU负载操作成功

20:03:38:请求结束



20:03:38:[ Response ]获取单台CPU负载操作成功

20:03:38:请求结束



20:05:57:[ RequestURL ]/queryCpuLoadByIp

20:05:57:[ RequestMethod ]POST

20:05:57:[ RequestParams ]{"hostip":"192.168.1.211"}

20:05:57:[ RequestURL ]/queryCpuLoadByIp

20:05:57:[ RequestMethod ]POST

20:05:57:[ RequestParams ]{"hostip":"192.168.1.209"}

20:05:57:[ RequestURL ]/queryCpuLoadByIp

20:05:57:[ RequestMethod ]POST

20:05:57:[ RequestParams ]{"hostip":"127.0.0.1"}

20:05:57:[ RequestURL ]/queryCpuLoadByIp

20:05:57:[ RequestMethod ]POST

20:05:57:[ RequestParams ]{"hostip":"192.168.1.214"}

20:05:57:[ RequestURL ]/queryCpuLoadByIp

20:05:57:[ RequestMethod ]POST

20:05:57:[ RequestParams ]{"hostip":"192.168.1.215"}

20:05:58:[ Response ]获取单台CPU负载操作成功

20:05:58:请求结束



20:05:58:[ RequestURL ]/queryCpuLoadByIp

20:05:58:[ RequestMethod ]POST

20:05:58:[ RequestParams ]{"hostip":"192.168.1.212"}

20:05:58:[ Response ]获取单台CPU负载操作成功

20:05:58:请求结束



20:05:58:[ RequestURL ]/queryCpuLoadByIp

20:05:58:[ RequestMethod ]POST

20:05:58:[ RequestParams ]{"hostip":"192.168.1.213"}

20:05:58:[ Response ]获取单台CPU负载操作成功

20:05:58:请求结束



20:05:59:[ Response ]获取单台CPU负载操作成功

20:05:59:请求结束



20:05:59:[ Response ]获取单台CPU负载操作成功

20:05:59:请求结束



20:05:59:[ Response ]获取单台CPU负载操作成功

20:05:59:请求结束



20:05:59:[ Response ]获取单台CPU负载操作成功

20:05:59:请求结束



20:08:07:[ RequestURL ]/queryCpuLoadByIp

20:08:07:[ RequestMethod ]POST

20:08:07:[ RequestParams ]{"hostip":"192.168.1.211"}

20:08:07:[ RequestURL ]/queryCpuLoadByIp

20:08:07:[ RequestMethod ]POST

20:08:07:[ RequestParams ]{"hostip":"192.168.1.209"}

20:08:07:[ RequestURL ]/queryCpuLoadByIp

20:08:07:[ RequestMethod ]POST

20:08:07:[ RequestParams ]{"hostip":"127.0.0.1"}

20:08:07:[ RequestURL ]/queryCpuLoadByIp

20:08:07:[ RequestMethod ]POST

20:08:07:[ RequestParams ]{"hostip":"192.168.1.214"}

20:08:07:[ RequestURL ]/queryCpuLoadByIp

20:08:07:[ RequestMethod ]POST

20:08:07:[ RequestParams ]{"hostip":"192.168.1.215"}

20:08:08:[ Response ]获取单台CPU负载操作成功

20:08:08:请求结束



20:08:08:[ RequestURL ]/queryCpuLoadByIp

20:08:08:[ RequestMethod ]POST

20:08:08:[ RequestParams ]{"hostip":"192.168.1.212"}

20:08:09:[ Response ]获取单台CPU负载操作成功

20:08:09:请求结束



20:08:09:[ RequestURL ]/queryCpuLoadByIp

20:08:09:[ RequestMethod ]POST

20:08:09:[ RequestParams ]{"hostip":"192.168.1.213"}

20:08:09:[ Response ]获取单台CPU负载操作成功

20:08:09:请求结束



20:08:09:[ Response ]获取单台CPU负载操作成功

20:08:09:请求结束



20:08:10:[ Response ]获取单台CPU负载操作成功

20:08:10:请求结束



20:08:10:[ Response ]获取单台CPU负载操作成功

20:08:10:请求结束



20:08:11:[ Response ]获取单台CPU负载操作成功

20:08:11:请求结束



20:09:08:[ RequestURL ]/queryCpuLoadByIp

20:09:08:[ RequestMethod ]POST

20:09:08:[ RequestParams ]{"hostip":"192.168.1.211"}

20:09:08:[ RequestURL ]/queryCpuLoadByIp

20:09:08:[ RequestMethod ]POST

20:09:08:[ RequestParams ]{"hostip":"192.168.1.209"}

20:09:08:[ RequestURL ]/queryCpuLoadByIp

20:09:08:[ RequestMethod ]POST

20:09:08:[ RequestParams ]{"hostip":"127.0.0.1"}

20:09:08:[ RequestURL ]/queryCpuLoadByIp

20:09:08:[ RequestMethod ]POST

20:09:08:[ RequestParams ]{"hostip":"192.168.1.214"}

20:09:08:[ RequestURL ]/queryCpuLoadByIp

20:09:08:[ RequestMethod ]POST

20:09:08:[ RequestParams ]{"hostip":"192.168.1.215"}

20:09:08:[ Response ]获取单台CPU负载操作成功

20:09:08:请求结束



20:09:08:[ RequestURL ]/queryCpuLoadByIp

20:09:08:[ RequestMethod ]POST

20:09:08:[ RequestParams ]{"hostip":"192.168.1.212"}

20:09:08:[ Response ]获取单台CPU负载操作成功

20:09:08:请求结束



20:09:09:[ RequestURL ]/queryCpuLoadByIp

20:09:09:[ RequestMethod ]POST

20:09:09:[ RequestParams ]{"hostip":"192.168.1.213"}

20:09:09:[ Response ]获取单台CPU负载操作成功

20:09:09:请求结束



20:09:09:[ Response ]获取单台CPU负载操作成功

20:09:09:请求结束



20:09:10:[ Response ]获取单台CPU负载操作成功

20:09:10:请求结束



20:09:10:[ Response ]获取单台CPU负载操作成功

20:09:10:请求结束



20:09:10:[ Response ]获取单台CPU负载操作成功

20:09:10:请求结束



20:09:41:[ RequestURL ]/queryCpuLoadByIp

20:09:41:[ RequestMethod ]POST

20:09:41:[ RequestParams ]{"hostip":"192.168.1.211"}

20:09:41:[ RequestURL ]/queryCpuLoadByIp

20:09:41:[ RequestMethod ]POST

20:09:41:[ RequestParams ]{"hostip":"192.168.1.209"}

20:09:41:[ RequestURL ]/queryCpuLoadByIp

20:09:41:[ RequestMethod ]POST

20:09:41:[ RequestParams ]{"hostip":"127.0.0.1"}

20:09:41:[ RequestURL ]/queryCpuLoadByIp

20:09:41:[ RequestMethod ]POST

20:09:41:[ RequestParams ]{"hostip":"192.168.1.214"}

20:09:41:[ RequestURL ]/queryCpuLoadByIp

20:09:41:[ RequestMethod ]POST

20:09:41:[ RequestParams ]{"hostip":"192.168.1.215"}

20:09:42:[ Response ]获取单台CPU负载操作成功

20:09:42:请求结束



20:09:42:[ RequestURL ]/queryCpuLoadByIp

20:09:42:[ RequestMethod ]POST

20:09:42:[ RequestParams ]{"hostip":"192.168.1.212"}

20:09:42:[ Response ]获取单台CPU负载操作成功

20:09:42:请求结束



20:09:43:[ RequestURL ]/queryCpuLoadByIp

20:09:43:[ RequestMethod ]POST

20:09:43:[ RequestParams ]{"hostip":"192.168.1.213"}

20:09:43:[ Response ]获取单台CPU负载操作成功

20:09:43:请求结束



20:09:43:[ Response ]获取单台CPU负载操作成功

20:09:43:请求结束



20:09:43:[ Response ]获取单台CPU负载操作成功

20:09:43:请求结束



20:09:44:[ Response ]获取单台CPU负载操作成功

20:09:44:请求结束



20:09:44:[ Response ]获取单台CPU负载操作成功

20:09:44:请求结束



20:09:55:[ RequestURL ]/queryCpuLoadByIp

20:09:55:[ RequestMethod ]POST

20:09:55:[ RequestParams ]{"hostip":"192.168.1.211"}

20:09:55:[ RequestURL ]/queryCpuLoadByIp

20:09:55:[ RequestMethod ]POST

20:09:55:[ RequestParams ]{"hostip":"192.168.1.209"}

20:09:55:[ RequestURL ]/queryCpuLoadByIp

20:09:55:[ RequestMethod ]POST

20:09:55:[ RequestParams ]{"hostip":"127.0.0.1"}

20:09:55:[ RequestURL ]/queryCpuLoadByIp

20:09:55:[ RequestMethod ]POST

20:09:55:[ RequestParams ]{"hostip":"192.168.1.214"}

20:09:55:[ RequestURL ]/queryCpuLoadByIp

20:09:55:[ RequestMethod ]POST

20:09:55:[ RequestParams ]{"hostip":"192.168.1.215"}

20:09:56:[ Response ]获取单台CPU负载操作成功

20:09:56:请求结束



20:09:56:[ RequestURL ]/queryCpuLoadByIp

20:09:56:[ RequestMethod ]POST

20:09:56:[ RequestParams ]{"hostip":"192.168.1.212"}

20:09:57:[ Response ]获取单台CPU负载操作成功

20:09:57:请求结束



20:09:57:[ RequestURL ]/queryCpuLoadByIp

20:09:57:[ RequestMethod ]POST

20:09:57:[ RequestParams ]{"hostip":"192.168.1.213"}

20:09:57:[ Response ]获取单台CPU负载操作成功

20:09:57:请求结束



20:09:58:[ Response ]获取单台CPU负载操作成功

20:09:58:请求结束



20:09:58:[ Response ]获取单台CPU负载操作成功

20:09:58:请求结束



20:09:58:[ Response ]获取单台CPU负载操作成功

20:09:58:请求结束



20:09:58:[ Response ]获取单台CPU负载操作成功

20:09:58:请求结束



20:10:04:[ RequestURL ]/queryCpuLoadByIp

20:10:04:[ RequestMethod ]POST

20:10:04:[ RequestParams ]{"hostip":"192.168.1.211"}

20:10:04:[ RequestURL ]/queryCpuLoadByIp

20:10:04:[ RequestMethod ]POST

20:10:04:[ RequestParams ]{"hostip":"192.168.1.209"}

20:10:04:[ RequestURL ]/queryCpuLoadByIp

20:10:04:[ RequestMethod ]POST

20:10:04:[ RequestParams ]{"hostip":"127.0.0.1"}

20:10:04:[ RequestURL ]/queryCpuLoadByIp

20:10:04:[ RequestMethod ]POST

20:10:04:[ RequestParams ]{"hostip":"192.168.1.214"}

20:10:04:[ RequestURL ]/queryCpuLoadByIp

20:10:04:[ RequestMethod ]POST

20:10:04:[ RequestParams ]{"hostip":"192.168.1.215"}

20:10:05:[ Response ]获取单台CPU负载操作成功

20:10:05:请求结束



20:10:05:[ RequestURL ]/queryCpuLoadByIp

20:10:05:[ RequestMethod ]POST

20:10:05:[ RequestParams ]{"hostip":"192.168.1.212"}

20:10:05:[ Response ]获取单台CPU负载操作成功

20:10:05:请求结束



20:10:05:[ Response ]获取单台CPU负载操作成功

20:10:05:请求结束



20:10:05:[ Response ]获取单台CPU负载操作成功

20:10:05:请求结束



20:10:05:[ Response ]获取单台CPU负载操作成功

20:10:05:请求结束



20:10:06:[ RequestURL ]/queryCpuLoadByIp

20:10:06:[ RequestMethod ]POST

20:10:06:[ RequestParams ]{"hostip":"192.168.1.213"}

20:10:06:[ Response ]获取单台CPU负载操作成功

20:10:06:请求结束



20:10:07:[ Response ]获取单台CPU负载操作成功

20:10:07:请求结束



20:10:27:[ RequestURL ]/queryCpuLoadByIp

20:10:27:[ RequestMethod ]POST

20:10:27:[ RequestParams ]{"hostip":"192.168.1.211"}

20:10:27:[ RequestURL ]/queryCpuLoadByIp

20:10:27:[ RequestMethod ]POST

20:10:27:[ RequestParams ]{"hostip":"192.168.1.209"}

20:10:27:[ RequestURL ]/queryCpuLoadByIp

20:10:27:[ RequestMethod ]POST

20:10:27:[ RequestParams ]{"hostip":"127.0.0.1"}

20:10:27:[ RequestURL ]/queryCpuLoadByIp

20:10:27:[ RequestMethod ]POST

20:10:27:[ RequestParams ]{"hostip":"192.168.1.214"}

20:10:27:[ RequestURL ]/queryCpuLoadByIp

20:10:27:[ RequestMethod ]POST

20:10:27:[ RequestParams ]{"hostip":"192.168.1.215"}

20:10:27:[ Response ]获取单台CPU负载操作成功

20:10:27:请求结束



20:10:28:[ Response ]获取单台CPU负载操作成功

20:10:28:请求结束



20:10:28:[ Response ]获取单台CPU负载操作成功

20:10:28:请求结束



20:10:28:[ Response ]获取单台CPU负载操作成功

20:10:28:请求结束



20:10:28:[ Response ]获取单台CPU负载操作成功

20:10:28:请求结束



20:10:29:[ RequestURL ]/queryCpuLoadByIp

20:10:29:[ RequestMethod ]POST

20:10:29:[ RequestParams ]{"hostip":"192.168.1.212"}

20:10:29:[ RequestURL ]/queryCpuLoadByIp

20:10:29:[ RequestMethod ]POST

20:10:29:[ RequestParams ]{"hostip":"192.168.1.213"}

20:10:29:[ Response ]获取单台CPU负载操作成功

20:10:29:请求结束



20:10:30:[ Response ]获取单台CPU负载操作成功

20:10:30:请求结束



20:10:46:[ RequestURL ]/queryCpuLoadByIp

20:10:46:[ RequestMethod ]POST

20:10:46:[ RequestParams ]{"hostip":"192.168.1.211"}

20:10:46:[ RequestURL ]/queryCpuLoadByIp

20:10:46:[ RequestMethod ]POST

20:10:46:[ RequestParams ]{"hostip":"192.168.1.209"}

20:10:46:[ RequestURL ]/queryCpuLoadByIp

20:10:46:[ RequestMethod ]POST

20:10:46:[ RequestParams ]{"hostip":"127.0.0.1"}

20:10:46:[ RequestURL ]/queryCpuLoadByIp

20:10:46:[ RequestMethod ]POST

20:10:46:[ RequestParams ]{"hostip":"192.168.1.214"}

20:10:47:[ RequestURL ]/queryCpuLoadByIp

20:10:47:[ RequestMethod ]POST

20:10:47:[ RequestParams ]{"hostip":"192.168.1.215"}

20:10:47:[ Response ]获取单台CPU负载操作成功

20:10:47:请求结束



20:10:47:[ RequestURL ]/queryCpuLoadByIp

20:10:47:[ RequestMethod ]POST

20:10:47:[ RequestParams ]{"hostip":"192.168.1.212"}

20:10:48:[ Response ]获取单台CPU负载操作成功

20:10:48:请求结束



20:10:48:[ Response ]获取单台CPU负载操作成功

20:10:48:请求结束



20:10:48:[ Response ]获取单台CPU负载操作成功

20:10:48:请求结束



20:10:48:[ Response ]获取单台CPU负载操作成功

20:10:48:请求结束



20:10:48:[ RequestURL ]/queryCpuLoadByIp

20:10:48:[ RequestMethod ]POST

20:10:48:[ RequestParams ]{"hostip":"192.168.1.213"}

20:10:49:[ Response ]获取单台CPU负载操作成功

20:10:49:请求结束



20:10:49:[ Response ]获取单台CPU负载操作成功

20:10:49:请求结束



20:11:13:[ RequestURL ]/queryMemStatByIp

20:11:13:[ RequestMethod ]POST

20:11:13:[ RequestParams ]{"hostip":"192.168.1.211"}

20:11:13:[ RequestURL ]/queryMemStatByIp

20:11:13:[ RequestMethod ]POST

20:11:13:[ RequestParams ]{"hostip":"192.168.1.209"}

20:11:13:[ RequestURL ]/queryMemStatByIp

20:11:13:[ RequestMethod ]POST

20:11:13:[ RequestParams ]{"hostip":"127.0.0.1"}

20:11:13:[ RequestURL ]/queryMemStatByIp

20:11:13:[ RequestMethod ]POST

20:11:13:[ RequestParams ]{"hostip":"192.168.1.214"}

20:11:13:[ RequestURL ]/queryMemStatByIp

20:11:13:[ RequestMethod ]POST

20:11:13:[ RequestParams ]{"hostip":"192.168.1.215"}

20:11:15:[ Response ]获取单台内存状态操作成功

20:11:15:请求结束



20:11:15:[ Response ]获取单台内存状态操作成功

20:11:15:请求结束



20:11:15:[ Response ]获取单台内存状态操作成功

20:11:15:请求结束



20:11:16:[ RequestURL ]/queryMemStatByIp

20:11:16:[ RequestMethod ]POST

20:11:16:[ RequestParams ]{"hostip":"192.168.1.212"}

20:11:16:[ RequestURL ]/queryMemStatByIp

20:11:16:[ RequestMethod ]POST

20:11:16:[ RequestParams ]{"hostip":"192.168.1.213"}

20:11:16:[ Response ]获取单台内存状态操作成功

20:11:16:请求结束



20:11:16:[ Response ]获取单台内存状态操作成功

20:11:16:请求结束



20:11:17:[ Response ]获取单台内存状态操作成功

20:11:17:请求结束



20:11:17:[ Response ]获取单台内存状态操作成功

20:11:17:请求结束



20:12:37:[ RequestURL ]/queryMemStatByIp

20:12:37:[ RequestMethod ]POST

20:12:37:[ RequestParams ]{"hostip":"192.168.1.211"}

20:12:37:[ RequestURL ]/queryMemStatByIp

20:12:37:[ RequestMethod ]POST

20:12:37:[ RequestParams ]{"hostip":"192.168.1.209"}

20:12:37:[ RequestURL ]/queryMemStatByIp

20:12:37:[ RequestMethod ]POST

20:12:37:[ RequestParams ]{"hostip":"127.0.0.1"}

20:12:37:[ RequestURL ]/queryMemStatByIp

20:12:37:[ RequestMethod ]POST

20:12:37:[ RequestParams ]{"hostip":"192.168.1.214"}

20:12:37:[ RequestURL ]/queryMemStatByIp

20:12:37:[ RequestMethod ]POST

20:12:37:[ RequestParams ]{"hostip":"192.168.1.215"}

20:12:38:[ Response ]获取单台内存状态操作成功

20:12:38:请求结束



20:12:38:[ RequestURL ]/queryMemStatByIp

20:12:38:[ RequestMethod ]POST

20:12:38:[ RequestParams ]{"hostip":"192.168.1.212"}

20:12:38:[ Response ]获取单台内存状态操作成功

20:12:38:请求结束



20:12:39:[ Response ]获取单台内存状态操作成功

20:12:39:请求结束



20:12:39:[ RequestURL ]/queryMemStatByIp

20:12:39:[ RequestMethod ]POST

20:12:39:[ RequestParams ]{"hostip":"192.168.1.213"}

20:12:39:[ Response ]获取单台内存状态操作成功

20:12:39:请求结束



20:12:39:[ Response ]获取单台内存状态操作成功

20:12:39:请求结束



20:12:40:[ Response ]获取单台内存状态操作成功

20:12:40:请求结束



20:12:40:[ Response ]获取单台内存状态操作成功

20:12:40:请求结束



20:13:02:[ RequestURL ]/queryMemStatByIp

20:13:02:[ RequestMethod ]POST

20:13:02:[ RequestParams ]{"hostip":"192.168.1.211"}

20:13:02:[ RequestURL ]/queryMemStatByIp

20:13:02:[ RequestMethod ]POST

20:13:02:[ RequestParams ]{"hostip":"192.168.1.209"}

20:13:02:[ RequestURL ]/queryMemStatByIp

20:13:02:[ RequestMethod ]POST

20:13:02:[ RequestParams ]{"hostip":"127.0.0.1"}

20:13:02:[ RequestURL ]/queryMemStatByIp

20:13:02:[ RequestMethod ]POST

20:13:02:[ RequestParams ]{"hostip":"192.168.1.214"}

20:13:02:[ RequestURL ]/queryMemStatByIp

20:13:02:[ RequestMethod ]POST

20:13:02:[ RequestParams ]{"hostip":"192.168.1.215"}

20:13:02:[ Response ]获取单台内存状态操作成功

20:13:02:请求结束



20:13:02:[ RequestURL ]/queryMemStatByIp

20:13:02:[ RequestMethod ]POST

20:13:02:[ RequestParams ]{"hostip":"192.168.1.212"}

20:13:02:[ Response ]获取单台内存状态操作成功

20:13:02:请求结束



20:13:03:[ Response ]获取单台内存状态操作成功

20:13:03:请求结束



20:13:03:[ Response ]获取单台内存状态操作成功

20:13:03:请求结束



20:13:03:[ Response ]获取单台内存状态操作成功

20:13:03:请求结束



20:13:03:[ RequestURL ]/queryMemStatByIp

20:13:03:[ RequestMethod ]POST

20:13:03:[ RequestParams ]{"hostip":"192.168.1.213"}

20:13:03:[ Response ]获取单台内存状态操作成功

20:13:03:请求结束



20:13:04:[ Response ]获取单台内存状态操作成功

20:13:04:请求结束



20:13:19:[ RequestURL ]/queryCpuLoadByIp

20:13:19:[ RequestMethod ]POST

20:13:19:[ RequestParams ]{"hostip":"192.168.1.211"}

20:13:19:[ RequestURL ]/queryCpuLoadByIp

20:13:19:[ RequestMethod ]POST

20:13:19:[ RequestParams ]{"hostip":"192.168.1.209"}

20:13:19:[ RequestURL ]/queryCpuLoadByIp

20:13:19:[ RequestMethod ]POST

20:13:19:[ RequestParams ]{"hostip":"127.0.0.1"}

20:13:19:[ RequestURL ]/queryCpuLoadByIp

20:13:19:[ RequestMethod ]POST

20:13:19:[ RequestParams ]{"hostip":"192.168.1.214"}

20:13:19:[ RequestURL ]/queryCpuLoadByIp

20:13:19:[ RequestMethod ]POST

20:13:19:[ RequestParams ]{"hostip":"192.168.1.215"}

20:13:20:[ Response ]获取单台CPU负载操作成功

20:13:20:请求结束



20:13:20:[ RequestURL ]/queryCpuLoadByIp

20:13:20:[ RequestMethod ]POST

20:13:20:[ RequestParams ]{"hostip":"192.168.1.212"}

20:13:20:[ Response ]获取单台CPU负载操作成功

20:13:20:请求结束



20:13:20:[ RequestURL ]/queryCpuLoadByIp

20:13:20:[ RequestMethod ]POST

20:13:20:[ RequestParams ]{"hostip":"192.168.1.213"}

20:13:20:[ Response ]获取单台CPU负载操作成功

20:13:20:请求结束



20:13:20:[ Response ]获取单台CPU负载操作成功

20:13:20:请求结束



20:13:21:[ Response ]获取单台CPU负载操作成功

20:13:21:请求结束



20:13:22:[ Response ]获取单台CPU负载操作成功

20:13:22:请求结束



20:13:22:[ Response ]获取单台CPU负载操作成功

20:13:22:请求结束



21:06:17:[ RequestURL ]/getToken

21:06:17:[ RequestMethod ]POST

21:06:17:[ RequestParams ]{"username":"benson","password":"benson"}

21:06:17:[ RequestURL ]/login

21:06:17:[ RequestMethod ]POST

21:06:17:[ RequestParams ]{"username":"benson","password":"benson"}

21:06:17:[ Response ]登陆操作成功

21:06:17:请求结束



21:06:17:[ RequestURL ]/queryUpTime

21:06:17:[ RequestMethod ]POST

21:06:17:[ RequestParams ]{}

21:06:18:[ Response ]获取在线状态操作成功

21:06:18:请求结束



21:09:35:[ RequestURL ]/queryUpTime

21:09:35:[ RequestMethod ]POST

21:09:35:[ RequestParams ]{}

21:09:35:[ Response ]获取在线状态操作成功

21:09:35:请求结束



21:10:23:[ RequestURL ]/queryUpTime

21:10:23:[ RequestMethod ]POST

21:10:23:[ RequestParams ]{}

21:10:23:[ Response ]获取在线状态操作成功

21:10:23:请求结束



21:10:58:[ RequestURL ]/queryUpTime

21:10:58:[ RequestMethod ]POST

21:10:58:[ RequestParams ]{}

21:10:58:[ Response ]获取在线状态操作成功

21:10:58:请求结束



21:11:31:[ RequestURL ]/queryUpTime

21:11:31:[ RequestMethod ]POST

21:11:31:[ RequestParams ]{}

21:11:32:[ Response ]获取在线状态操作成功

21:11:32:请求结束



21:11:36:[ RequestURL ]/queryUpTime

21:11:36:[ RequestMethod ]POST

21:11:36:[ RequestParams ]{}

21:11:36:[ Response ]获取在线状态操作成功

21:11:36:请求结束



21:11:45:[ RequestURL ]/queryUpTime

21:11:45:[ RequestMethod ]POST

21:11:45:[ RequestParams ]{}

21:11:45:[ RequestURL ]/queryRunProcess

21:11:45:[ RequestMethod ]POST

21:11:45:[ RequestParams ]{}

21:11:45:[ Response ]获取进程状态操作成功

21:11:45:请求结束



21:11:45:[ Response ]获取在线状态操作成功

21:11:45:请求结束



21:12:02:[ RequestURL ]/queryUpTime

21:12:02:[ RequestMethod ]POST

21:12:02:[ RequestParams ]{}

21:12:02:[ RequestURL ]/queryRunProcess

21:12:02:[ RequestMethod ]POST

21:12:02:[ RequestParams ]{}

21:12:02:[ Response ]获取进程状态操作成功

21:12:02:请求结束



21:12:02:[ Response ]获取在线状态操作成功

21:12:02:请求结束



21:12:38:[ RequestURL ]/ContainerList

21:12:38:[ RequestMethod ]POST

21:12:38:[ RequestParams ]{}

21:12:39:[ Response ]获取容器列表操作成功

21:12:39:请求结束



21:12:39:[ RequestURL ]/ServerList

21:12:39:[ RequestMethod ]POST

21:12:39:[ RequestParams ]{}

21:12:40:[ Response ]获取服务器列表操作成功

21:12:40:请求结束



21:12:40:[ RequestURL ]/ImageList

21:12:40:[ RequestMethod ]POST

21:12:40:[ RequestParams ]{}

21:12:41:[ Response ]获取镜像列表操作成功

21:12:41:请求结束



21:12:42:[ RequestURL ]/GetProjectInfo

21:12:42:[ RequestMethod ]POST

21:12:42:[ RequestParams ]{}

21:12:43:[ Response ]获取所有的项目操作成功

21:12:43:请求结束



21:12:45:[ RequestURL ]/GetProjects

21:12:45:[ RequestMethod ]POST

21:12:45:[ RequestParams ]{}

21:12:46:[ Response ]获取gitlab上的项目操作成功

21:12:46:请求结束



21:12:48:[ RequestURL ]/GetRecords

21:12:48:[ RequestMethod ]POST

21:12:48:[ RequestParams ]{}

21:12:48:[ Response ]获取所有发布记录操作成功

21:12:48:请求结束



21:12:49:[ RequestURL ]/GetProjects

21:12:49:[ RequestMethod ]POST

21:12:49:[ RequestParams ]{}

21:12:50:[ Response ]获取gitlab上的项目操作成功

21:12:50:请求结束



21:12:51:[ RequestURL ]/queryCpuLoadByIp

21:12:51:[ RequestMethod ]POST

21:12:51:[ RequestParams ]{"hostip":"192.168.1.211"}

21:12:51:[ RequestURL ]/queryCpuLoadByIp

21:12:51:[ RequestMethod ]POST

21:12:51:[ RequestParams ]{"hostip":"192.168.1.209"}

21:12:51:[ RequestURL ]/queryCpuLoadByIp

21:12:51:[ RequestMethod ]POST

21:12:51:[ RequestParams ]{"hostip":"127.0.0.1"}

21:12:51:[ RequestURL ]/queryCpuLoadByIp

21:12:51:[ RequestMethod ]POST

21:12:51:[ RequestParams ]{"hostip":"192.168.1.214"}

21:12:51:[ RequestURL ]/queryCpuLoadByIp

21:12:51:[ RequestMethod ]POST

21:12:51:[ RequestParams ]{"hostip":"192.168.1.215"}

21:12:52:[ Response ]获取单台CPU负载操作成功

21:12:52:请求结束



21:12:52:[ RequestURL ]/queryCpuLoadByIp

21:12:52:[ RequestMethod ]POST

21:12:52:[ RequestParams ]{"hostip":"192.168.1.212"}

21:12:52:[ Response ]获取单台CPU负载操作成功

21:12:52:请求结束



21:12:52:[ RequestURL ]/queryCpuLoadByIp

21:12:52:[ RequestMethod ]POST

21:12:52:[ RequestParams ]{"hostip":"192.168.1.213"}

21:12:52:[ Response ]获取单台CPU负载操作成功

21:12:52:请求结束



21:12:52:[ Response ]获取单台CPU负载操作成功

21:12:52:请求结束



21:12:52:[ Response ]获取单台CPU负载操作成功

21:12:52:请求结束



21:12:53:[ Response ]获取单台CPU负载操作成功

21:12:53:请求结束



21:12:53:[ Response ]获取单台CPU负载操作成功

21:12:53:请求结束



21:12:54:[ RequestURL ]/queryMemStatByIp

21:12:54:[ RequestMethod ]POST

21:12:54:[ RequestParams ]{"hostip":"192.168.1.211"}

21:12:54:[ RequestURL ]/queryMemStatByIp

21:12:54:[ RequestMethod ]POST

21:12:54:[ RequestParams ]{"hostip":"192.168.1.209"}

21:12:54:[ RequestURL ]/queryMemStatByIp

21:12:54:[ RequestMethod ]POST

21:12:54:[ RequestParams ]{"hostip":"127.0.0.1"}

21:12:54:[ RequestURL ]/queryMemStatByIp

21:12:54:[ RequestMethod ]POST

21:12:54:[ RequestParams ]{"hostip":"192.168.1.214"}

21:12:54:[ RequestURL ]/queryMemStatByIp

21:12:54:[ RequestMethod ]POST

21:12:54:[ RequestParams ]{"hostip":"192.168.1.215"}

21:12:54:[ Response ]获取单台内存状态操作成功

21:12:54:请求结束



21:12:54:[ RequestURL ]/queryMemStatByIp

21:12:54:[ RequestMethod ]POST

21:12:54:[ RequestParams ]{"hostip":"192.168.1.212"}

21:12:54:[ Response ]获取单台内存状态操作成功

21:12:54:请求结束



21:12:54:[ RequestURL ]/queryMemStatByIp

21:12:54:[ RequestMethod ]POST

21:12:54:[ RequestParams ]{"hostip":"192.168.1.213"}

21:12:54:[ Response ]获取单台内存状态操作成功

21:12:54:请求结束



21:12:54:[ Response ]获取单台内存状态操作成功

21:12:54:请求结束



21:12:54:[ Response ]获取单台内存状态操作成功

21:12:54:请求结束



21:12:55:[ Response ]获取单台内存状态操作成功

21:12:55:请求结束



21:12:55:[ Response ]获取单台内存状态操作成功

21:12:55:请求结束



21:12:58:[ RequestURL ]/queryMemStatByIp

21:12:58:[ RequestMethod ]POST

21:12:58:[ RequestParams ]{"hostip":"192.168.1.211"}

21:12:58:[ RequestURL ]/queryMemStatByIp

21:12:58:[ RequestMethod ]POST

21:12:58:[ RequestParams ]{"hostip":"192.168.1.209"}

21:12:58:[ RequestURL ]/queryMemStatByIp

21:12:58:[ RequestMethod ]POST

21:12:58:[ RequestParams ]{"hostip":"127.0.0.1"}

21:12:58:[ RequestURL ]/queryMemStatByIp

21:12:58:[ RequestMethod ]POST

21:12:58:[ RequestParams ]{"hostip":"192.168.1.214"}

21:12:58:[ RequestURL ]/queryMemStatByIp

21:12:58:[ RequestMethod ]POST

21:12:58:[ RequestParams ]{"hostip":"192.168.1.215"}

21:12:58:[ Response ]获取单台内存状态操作成功

21:12:58:请求结束



21:12:58:[ Response ]获取单台内存状态操作成功

21:12:58:请求结束



21:12:58:[ RequestURL ]/queryMemStatByIp

21:12:58:[ RequestMethod ]POST

21:12:58:[ RequestParams ]{"hostip":"192.168.1.212"}

21:12:58:[ RequestURL ]/queryMemStatByIp

21:12:58:[ RequestMethod ]POST

21:12:58:[ RequestParams ]{"hostip":"192.168.1.213"}

21:12:58:[ Response ]获取单台内存状态操作成功

21:12:58:请求结束



21:12:59:[ Response ]获取单台内存状态操作成功

21:12:59:请求结束



21:12:59:[ Response ]获取单台内存状态操作成功

21:12:59:请求结束



21:12:59:[ Response ]获取单台内存状态操作成功

21:12:59:请求结束



21:12:59:[ Response ]获取单台内存状态操作成功

21:12:59:请求结束



21:13:00:[ RequestURL ]/ServerList

21:13:00:[ RequestMethod ]POST

21:13:00:[ RequestParams ]{}

21:13:00:[ Response ]获取服务器列表操作成功

21:13:00:请求结束



21:13:02:[ RequestURL ]/GetProjectInfo

21:13:02:[ RequestMethod ]POST

21:13:02:[ RequestParams ]{}

21:13:02:[ Response ]获取所有的项目操作成功

21:13:02:请求结束



21:13:05:[ RequestURL ]/GetProjects

21:13:05:[ RequestMethod ]POST

21:13:05:[ RequestParams ]{}

21:13:05:[ Response ]获取gitlab上的项目操作成功

21:13:05:请求结束



21:20:28:[ RequestURL ]/GetProjects

21:20:28:[ RequestMethod ]POST

21:20:28:[ RequestParams ]{}

21:20:29:[ Response ]获取gitlab上的项目操作成功

21:20:29:请求结束



21:24:05:[ RequestURL ]/GetProjects

21:24:05:[ RequestMethod ]POST

21:24:05:[ RequestParams ]{}

21:24:06:[ Response ]获取gitlab上的项目操作成功

21:24:06:请求结束



21:24:15:[ RequestURL ]/GetProjects

21:24:15:[ RequestMethod ]POST

21:24:15:[ RequestParams ]{}

21:24:16:[ Response ]获取gitlab上的项目操作成功

21:24:16:请求结束



21:24:29:[ RequestURL ]/GetProjects

21:24:29:[ RequestMethod ]POST

21:24:29:[ RequestParams ]{}

21:24:30:[ Response ]获取gitlab上的项目操作成功

21:24:30:请求结束



21:24:32:[ RequestURL ]/GetProjects

21:24:32:[ RequestMethod ]POST

21:24:32:[ RequestParams ]{}

21:24:33:[ Response ]获取gitlab上的项目操作成功

21:24:33:请求结束



21:25:03:[ RequestURL ]/GetProjects

21:25:03:[ RequestMethod ]POST

21:25:03:[ RequestParams ]{}

21:25:04:[ Response ]获取gitlab上的项目操作成功

21:25:04:请求结束



21:27:48:[ RequestURL ]/GetProjects

21:27:48:[ RequestMethod ]POST

21:27:48:[ RequestParams ]{}

21:27:49:[ Response ]获取gitlab上的项目操作成功

21:27:49:请求结束



21:28:26:[ RequestURL ]/GetProjects

21:28:26:[ RequestMethod ]POST

21:28:26:[ RequestParams ]{}

21:28:27:[ Response ]获取gitlab上的项目操作成功

21:28:27:请求结束



21:29:58:[ RequestURL ]/GetProjects

21:29:58:[ RequestMethod ]POST

21:29:58:[ RequestParams ]{}

21:29:59:[ Response ]获取gitlab上的项目操作成功

21:29:59:请求结束



21:31:29:[ RequestURL ]/GetProjects

21:31:29:[ RequestMethod ]POST

21:31:29:[ RequestParams ]{}

21:31:30:[ Response ]获取gitlab上的项目操作成功

21:31:30:请求结束



21:32:05:[ RequestURL ]/GetProjects

21:32:05:[ RequestMethod ]POST

21:32:05:[ RequestParams ]{}

21:32:06:[ Response ]获取gitlab上的项目操作成功

21:32:06:请求结束



21:32:31:[ RequestURL ]/GetProjects

21:32:31:[ RequestMethod ]POST

21:32:31:[ RequestParams ]{}

21:32:32:[ Response ]获取gitlab上的项目操作成功

21:32:32:请求结束



21:33:04:[ RequestURL ]/GetProjects

21:33:04:[ RequestMethod ]POST

21:33:04:[ RequestParams ]{}

21:33:05:[ Response ]获取gitlab上的项目操作成功

21:33:05:请求结束



21:34:14:[ RequestURL ]/GetProjects

21:34:14:[ RequestMethod ]POST

21:34:14:[ RequestParams ]{}

21:34:15:[ Response ]获取gitlab上的项目操作成功

21:34:15:请求结束



21:34:47:[ RequestURL ]/GetProjects

21:34:47:[ RequestMethod ]POST

21:34:47:[ RequestParams ]{}

21:34:48:[ Response ]获取gitlab上的项目操作成功

21:34:48:请求结束



21:34:55:[ RequestURL ]/GetProjects

21:34:55:[ RequestMethod ]POST

21:34:55:[ RequestParams ]{}

21:34:56:[ Response ]获取gitlab上的项目操作成功

21:34:56:请求结束



21:36:57:[ RequestURL ]/GetProjects

21:36:57:[ RequestMethod ]POST

21:36:57:[ RequestParams ]{}

21:36:58:[ Response ]获取gitlab上的项目操作成功

21:36:58:请求结束



21:40:17:[ RequestURL ]/GetProjects

21:40:17:[ RequestMethod ]POST

21:40:17:[ RequestParams ]{}

21:40:17:[ Response ]获取gitlab上的项目操作成功

21:40:17:请求结束



21:45:02:[ RequestURL ]/GetRecords

21:45:02:[ RequestMethod ]POST

21:45:02:[ RequestParams ]{}

21:45:02:[ Response ]获取所有发布记录操作成功

21:45:02:请求结束



21:45:03:[ RequestURL ]/GetProjects

21:45:03:[ RequestMethod ]POST

21:45:03:[ RequestParams ]{}

21:45:04:[ Response ]获取gitlab上的项目操作成功

21:45:04:请求结束



21:45:04:[ RequestURL ]/GetProjectInfo

21:45:04:[ RequestMethod ]POST

21:45:04:[ RequestParams ]{}

21:45:04:[ Response ]获取所有的项目操作成功

21:45:04:请求结束



21:45:07:[ RequestURL ]/GetProjects

21:45:07:[ RequestMethod ]POST

21:45:07:[ RequestParams ]{}

21:45:08:[ Response ]获取gitlab上的项目操作成功

21:45:08:请求结束



22:06:59:[ RequestURL ]/GetProjectInfo

22:06:59:[ RequestMethod ]POST

22:06:59:[ RequestParams ]{}

22:06:59:[ Response ]获取所有的项目操作成功

22:06:59:请求结束



22:07:07:[ RequestURL ]/GetProjectInfo

22:07:07:[ RequestMethod ]POST

22:07:07:[ RequestParams ]{}

22:07:07:[ Response ]获取所有的项目操作成功

22:07:07:请求结束



22:11:06:[ RequestURL ]/getToken

22:11:06:[ RequestMethod ]POST

22:11:06:[ RequestParams ]{"username":"benson","password":"benson"}

22:11:06:[ RequestURL ]/login

22:11:06:[ RequestMethod ]POST

22:11:06:[ RequestParams ]{"username":"benson","password":"benson"}

22:11:07:[ Response ]登陆操作成功

22:11:07:请求结束



22:11:07:[ RequestURL ]/queryUpTime

22:11:07:[ RequestMethod ]POST

22:11:07:[ RequestParams ]{}

22:11:07:[ RequestURL ]/queryRunProcess

22:11:07:[ RequestMethod ]POST

22:11:07:[ RequestParams ]{}

22:11:07:[ Response ]获取进程状态操作成功

22:11:07:请求结束



22:11:07:[ Response ]获取在线状态操作成功

22:11:07:请求结束



22:11:10:[ RequestURL ]/GetProjects

22:11:10:[ RequestMethod ]POST

22:11:10:[ RequestParams ]{}

22:11:11:[ Response ]获取gitlab上的项目操作成功

22:11:11:请求结束



22:11:12:[ RequestURL ]/GetBranchs

22:11:12:[ RequestMethod ]POST

22:11:12:[ RequestParams ]{"project":"sevenParkOMS"}

22:11:12:[ RequestURL ]/GetTags

22:11:12:[ RequestMethod ]POST

22:11:12:[ RequestParams ]{"project":"sevenParkOMS"}

22:11:12:[ Response ]获取gitlab上的项目标签操作成功

22:11:12:请求结束



22:11:12:[ Response ]获取gitlab上的项目分支操作成功

22:11:12:请求结束



22:11:20:[ RequestURL ]/GetBranchs

22:11:20:[ RequestMethod ]POST

22:11:20:[ RequestParams ]{"project":"platformService"}

22:11:20:[ RequestURL ]/GetTags

22:11:20:[ RequestMethod ]POST

22:11:20:[ RequestParams ]{"project":"platformService"}

22:11:20:[ Response ]获取gitlab上的项目分支操作成功

22:11:20:请求结束



22:11:20:[ Response ]获取gitlab上的项目标签操作成功

22:11:20:请求结束



22:11:32:[ RequestURL ]/GetProjects

22:11:32:[ RequestMethod ]POST

22:11:32:[ RequestParams ]{}

22:11:33:[ Response ]获取gitlab上的项目操作成功

22:11:33:请求结束



22:16:10:[ RequestURL ]/getToken

22:16:10:[ RequestMethod ]POST

22:16:10:[ RequestParams ]{"username":"benson","password":"benson"}

22:16:10:[ RequestURL ]/login

22:16:10:[ RequestMethod ]POST

22:16:10:[ RequestParams ]{"username":"benson","password":"benson"}

22:16:11:[ Response ]登陆操作成功

22:16:11:请求结束



22:16:11:[ RequestURL ]/queryUpTime

22:16:11:[ RequestMethod ]POST

22:16:11:[ RequestParams ]{}

22:16:11:[ RequestURL ]/queryRunProcess

22:16:11:[ RequestMethod ]POST

22:16:11:[ RequestParams ]{}

22:16:11:[ Response ]获取进程状态操作成功

22:16:11:请求结束



22:16:11:[ Response ]获取在线状态操作成功

22:16:11:请求结束



22:16:17:[ RequestURL ]/GetProjects

22:16:17:[ RequestMethod ]POST

22:16:17:[ RequestParams ]{}

22:16:18:[ Response ]获取gitlab上的项目操作成功

22:16:18:请求结束



22:17:42:[ RequestURL ]/GetProjects

22:17:42:[ RequestMethod ]POST

22:17:42:[ RequestParams ]{}

22:17:42:[ Response ]获取gitlab上的项目操作成功

22:17:42:请求结束



22:18:42:[ RequestURL ]/getToken

22:18:42:[ RequestMethod ]POST

22:18:42:[ RequestParams ]{"username":"benson","password":"benson"}

22:18:43:请求结束



22:18:43:[ RequestURL ]/login

22:18:43:[ RequestMethod ]POST

22:18:43:[ RequestParams ]{"username":"benson","password":"benson"}

22:18:43:[ Response ]登陆操作成功

22:18:43:请求结束



22:18:43:[ RequestURL ]/queryUpTime

22:18:43:[ RequestMethod ]POST

22:18:43:[ RequestParams ]{}

22:18:43:[ RequestURL ]/queryRunProcess

22:18:43:[ RequestMethod ]POST

22:18:43:[ RequestParams ]{}

22:18:44:[ Response ]获取进程状态操作成功

22:18:44:请求结束



22:18:44:[ Response ]获取在线状态操作成功

22:18:44:请求结束



